Using pre-set license
Built from '2021.3/staging' branch; Version is '2021.3.11f1 (0a5ca18544bf) revision 679073'; Using compiler version '192829333'; Build Type 'Release'
OS: 'Windows 10  (10.0.19045) 64bit CoreSingleLanguage' Language: 'ru' Physical Memory: 16278 MB
BatchMode: 1, IsHumanControllingUs: 0, StartBugReporterOnCrash: 0, Is64bit: 1, IsPro: 1

COMMAND LINE ARGUMENTS:
C:\Program Files\Unity\Hub\Editor\2021.3.11f1\Editor\Unity.exe
-adb2
-batchMode
-noUpm
-name
AssetImportWorker1
-projectPath
C:/Users/admin/Documents/GitHub/VRTown/VR
-logFile
Logs/AssetImportWorker1.log
-srvPort
65338
Successfully changed project path to: C:/Users/admin/Documents/GitHub/VRTown/VR
C:/Users/admin/Documents/GitHub/VRTown/VR
[UnityMemory] Configuration Parameters - Can be set up in boot.config
    "memorysetup-bucket-allocator-granularity=16"
    "memorysetup-bucket-allocator-bucket-count=8"
    "memorysetup-bucket-allocator-block-size=33554432"
    "memorysetup-bucket-allocator-block-count=8"
    "memorysetup-main-allocator-block-size=16777216"
    "memorysetup-thread-allocator-block-size=16777216"
    "memorysetup-gfx-main-allocator-block-size=16777216"
    "memorysetup-gfx-thread-allocator-block-size=16777216"
    "memorysetup-cache-allocator-block-size=4194304"
    "memorysetup-typetree-allocator-block-size=2097152"
    "memorysetup-profiler-bucket-allocator-granularity=16"
    "memorysetup-profiler-bucket-allocator-bucket-count=8"
    "memorysetup-profiler-bucket-allocator-block-size=33554432"
    "memorysetup-profiler-bucket-allocator-block-count=8"
    "memorysetup-profiler-allocator-block-size=16777216"
    "memorysetup-profiler-editor-allocator-block-size=1048576"
    "memorysetup-temp-allocator-size-main=16777216"
    "memorysetup-job-temp-allocator-block-size=2097152"
    "memorysetup-job-temp-allocator-block-size-background=1048576"
    "memorysetup-job-temp-allocator-reduction-small-platforms=262144"
    "memorysetup-temp-allocator-size-background-worker=32768"
    "memorysetup-temp-allocator-size-job-worker=262144"
    "memorysetup-temp-allocator-size-preload-manager=33554432"
    "memorysetup-temp-allocator-size-nav-mesh-worker=65536"
    "memorysetup-temp-allocator-size-audio-worker=65536"
    "memorysetup-temp-allocator-size-cloud-worker=32768"
    "memorysetup-temp-allocator-size-gi-baking-worker=262144"
    "memorysetup-temp-allocator-size-gfx=262144"
Refreshing native plugins compatible for Editor in 397.33 ms, found 16 plugins.
Preloading 1 native plugins for Editor in 1.71 ms.
Initialize engine version: 2021.3.11f1 (0a5ca18544bf)
[Subsystems] Discovering subsystems at path C:/Program Files/Unity/Hub/Editor/2021.3.11f1/Editor/Data/Resources/UnitySubsystems
[Subsystems] Discovering subsystems at path C:/Users/admin/Documents/GitHub/VRTown/VR/Assets
GfxDevice: creating device client; threaded=0; jobified=0
Direct3D:
    Version:  Direct3D 11.0 [level 11.1]
    Renderer: NVIDIA GeForce GTX 1650 (ID=0x1f82)
    Vendor:   NVIDIA
    VRAM:     3949 MB
    Driver:   31.0.15.3623
Initialize mono
Mono path[0] = 'C:/Program Files/Unity/Hub/Editor/2021.3.11f1/Editor/Data/Managed'
Mono path[1] = 'C:/Program Files/Unity/Hub/Editor/2021.3.11f1/Editor/Data/MonoBleedingEdge/lib/mono/unityjit-win32'
Mono config path = 'C:/Program Files/Unity/Hub/Editor/2021.3.11f1/Editor/Data/MonoBleedingEdge/etc'
Using monoOptions --debugger-agent=transport=dt_socket,embedding=1,server=y,suspend=n,address=127.0.0.1:56176
Begin MonoManager ReloadAssembly
Registering precompiled unity dll's ...
Register platform support module: C:/Program Files/Unity/Hub/Editor/2021.3.11f1/Editor/Data/PlaybackEngines/AndroidPlayer/UnityEditor.Android.Extensions.dll
Register platform support module: C:/Program Files/Unity/Hub/Editor/2021.3.11f1/Editor/Data/PlaybackEngines/WindowsStandaloneSupport/UnityEditor.WindowsStandalone.Extensions.dll
Registered in 0.006668 seconds.
Native extension for WindowsStandalone target not found
Native extension for Android target not found
Refreshing native plugins compatible for Editor in 110.16 ms, found 16 plugins.
Preloading 1 native plugins for Editor in 0.07 ms.
Mono: successfully reloaded assembly
- Completed reload, in  0.682 seconds
Domain Reload Profiling:
	ReloadAssembly (683ms)
		BeginReloadAssembly (69ms)
			ExecutionOrderSort (0ms)
			DisableScriptedObjects (0ms)
			BackupInstance (0ms)
			ReleaseScriptingObjects (0ms)
			CreateAndSetChildDomain (1ms)
		EndReloadAssembly (505ms)
			LoadAssemblies (67ms)
			RebuildTransferFunctionScriptingTraits (0ms)
			SetupTypeCache (111ms)
			ReleaseScriptCaches (0ms)
			RebuildScriptCaches (26ms)
			SetupLoadedEditorAssemblies (315ms)
				LogAssemblyErrors (0ms)
				InitializePlatformSupportModulesInManaged (57ms)
				SetLoadedEditorAssemblies (0ms)
				RefreshPlugins (110ms)
				BeforeProcessingInitializeOnLoad (1ms)
				ProcessInitializeOnLoadAttributes (93ms)
				ProcessInitializeOnLoadMethodAttributes (53ms)
				AfterProcessingInitializeOnLoad (0ms)
				EditorAssembliesLoaded (0ms)
			ExecutionOrderSort2 (0ms)
			AwakeInstancesAfterBackupRestoration (0ms)
Platform modules already initialized, skipping
Registering precompiled user dll's ...
Registered in 0.039258 seconds.
Android Extension - Scanning For ADB Devices 4314 ms
Begin MonoManager ReloadAssembly
Native extension for WindowsStandalone target not found
Native extension for Android target not found
Refreshing native plugins compatible for Editor in 109.68 ms, found 16 plugins.
Preloading 1 native plugins for Editor in 0.07 ms.
Package Manager log level set to [2]
System.Reflection.TargetInvocationException: Exception has been thrown by the target of an invocation. ---> System.NullReferenceException: Object reference not set to an instance of an object
  at Unity.XR.Oculus.OculusLoader.AssetPathToAbsolutePath (System.String assetPath) [0x0003d] in C:\Users\admin\Documents\GitHub\VRTown\VR\Library\PackageCache\com.unity.xr.oculus@3.0.2\Runtime\OculusLoader.cs:271 
  at Unity.XR.Oculus.OculusLoader.EditorLoadOVRPlugin () [0x0007b] in C:\Users\admin\Documents\GitHub\VRTown\VR\Library\PackageCache\com.unity.xr.oculus@3.0.2\Runtime\OculusLoader.cs:256 
  at (wrapper managed-to-native) System.Reflection.RuntimeMethodInfo.InternalInvoke(System.Reflection.RuntimeMethodInfo,object,object[],System.Exception&)
  at System.Reflection.RuntimeMethodInfo.Invoke (System.Object obj, System.Reflection.BindingFlags invokeAttr, System.Reflection.Binder binder, System.Object[] parameters, System.Globalization.CultureInfo culture) [0x0006a] in <9aad1b3a47484d63ba2b3985692d80e9>:0 
   --- End of inner exception stack trace ---
  at System.Reflection.RuntimeMethodInfo.Invoke (System.Object obj, System.Reflection.BindingFlags invokeAttr, System.Reflection.Binder binder, System.Object[] parameters, System.Globalization.CultureInfo culture) [0x00083] in <9aad1b3a47484d63ba2b3985692d80e9>:0 
  at System.Reflection.MethodBase.Invoke (System.Object obj, System.Object[] parameters) [0x00000] in <9aad1b3a47484d63ba2b3985692d80e9>:0 
  at UnityEditor.EditorAssemblies.ProcessInitializeOnLoadMethodAttributes () [0x000a5] in <4e64905d831f4883a53259ef37fb023b>:0 
UnityEngine.StackTraceUtility:ExtractStackTrace ()
UnityEngine.DebugLogHandler:LogFormat (UnityEngine.LogType,UnityEngine.Object,string,object[])
UnityEngine.Logger:Log (UnityEngine.LogType,object)
UnityEngine.Debug:LogError (object)
UnityEditor.EditorAssemblies:ProcessInitializeOnLoadMethodAttributes ()

Mono: successfully reloaded assembly
- Completed reload, in  1.577 seconds
Domain Reload Profiling:
	ReloadAssembly (1578ms)
		BeginReloadAssembly (99ms)
			ExecutionOrderSort (0ms)
			DisableScriptedObjects (5ms)
			BackupInstance (0ms)
			ReleaseScriptingObjects (0ms)
			CreateAndSetChildDomain (19ms)
		EndReloadAssembly (1359ms)
			LoadAssemblies (190ms)
			RebuildTransferFunctionScriptingTraits (0ms)
			SetupTypeCache (288ms)
			ReleaseScriptCaches (1ms)
			RebuildScriptCaches (74ms)
			SetupLoadedEditorAssemblies (753ms)
				LogAssemblyErrors (0ms)
				InitializePlatformSupportModulesInManaged (13ms)
				SetLoadedEditorAssemblies (0ms)
				RefreshPlugins (110ms)
				BeforeProcessingInitializeOnLoad (94ms)
				ProcessInitializeOnLoadAttributes (505ms)
				ProcessInitializeOnLoadMethodAttributes (24ms)
				AfterProcessingInitializeOnLoad (7ms)
				EditorAssembliesLoaded (0ms)
			ExecutionOrderSort2 (0ms)
			AwakeInstancesAfterBackupRestoration (4ms)
Platform modules already initialized, skipping
========================================================================
Worker process is ready to serve import requests
Launched and connected shader compiler UnityShaderCompiler.exe after 0.03 seconds
Refreshing native plugins compatible for Editor in 1.26 ms, found 16 plugins.
Preloading 1 native plugins for Editor in 0.09 ms.
Unloading 4508 Unused Serialized files (Serialized files now loaded: 0)
Unloading 73 unused Assets / (1.3 MB). Loaded Objects now: 4970.
Memory consumption went from 182.5 MB to 181.2 MB.
Total: 4.862500 ms (FindLiveObjects: 0.466100 ms CreateObjectMapping: 0.392800 ms MarkObjects: 3.719300 ms  DeleteObjects: 0.283100 ms)

AssetImportParameters requested are different than current active one (requested -> active):
  custom:video-decoder-ogg-theora: a1e56fd34408186e4bbccfd4996cb3dc -> 
  custom:container-muxer-webm: aa71ff27fc2769a1b78a27578f13a17b -> 
  custom:container-demuxer-webm: 4f35f7cbe854078d1ac9338744f61a02 -> 
  custom:video-encoder-webm-vp8: eb34c28f22e8b96e1ab97ce403110664 -> 
  custom:audio-encoder-webm-vorbis: bf7c407c2cedff20999df2af8eb42d56 -> 
  custom:framework-win-MediaFoundation: 216162199b28c13a410421893ffa2e32 -> 
  custom:container-demuxer-ogg: 62fdf1f143b41e24485cea50d1cbac27 -> 
  custom:video-decoder-webm-vp8: 9c59270c3fd7afecdb556c50c9e8de78 -> 
  custom:audio-decoder-ogg-vorbis: bf7c407c2cedff20999df2af8eb42d56 -> 
========================================================================
Received Import Request.
  Time since last request: 595464.762626 seconds.
  path: Assets/Scenes/Other/Scene1/Lightmap-0_comp_light.exr
  artifactKey: Guid(d1662a1a8ea36134bbd94182f6793213) Importer(815301076,1909f56bfc062723c751e8b465ee728b)
Start importing Assets/Scenes/Other/Scene1/Lightmap-0_comp_light.exr using Guid(d1662a1a8ea36134bbd94182f6793213) Importer(815301076,1909f56bfc062723c751e8b465ee728b)  -> (artifact id: 'e1c1361423942c6f11cd0a80accea343') in 0.099462 seconds 
========================================================================
Received Import Request.
  Time since last request: 0.000040 seconds.
  path: Assets/Scenes/Other/Scene1/Lightmap-20_comp_light.exr
  artifactKey: Guid(0757fac4a7b45a8408c7130a88b33588) Importer(815301076,1909f56bfc062723c751e8b465ee728b)
Start importing Assets/Scenes/Other/Scene1/Lightmap-20_comp_light.exr using Guid(0757fac4a7b45a8408c7130a88b33588) Importer(815301076,1909f56bfc062723c751e8b465ee728b)  -> (artifact id: '7d9bd043f7dbb5e892b5f9d902af5367') in 0.024968 seconds 
========================================================================
Received Import Request.
  Time since last request: 0.000024 seconds.
  path: Assets/Scenes/Other/Scene1/Lightmap-14_comp_dir.png
  artifactKey: Guid(574636bc17dd9f645a21b44cb5d33e2b) Importer(815301076,1909f56bfc062723c751e8b465ee728b)
Start importing Assets/Scenes/Other/Scene1/Lightmap-14_comp_dir.png using Guid(574636bc17dd9f645a21b44cb5d33e2b) Importer(815301076,1909f56bfc062723c751e8b465ee728b)  -> (artifact id: 'eaa9626784ce843370ff0d276e0378c5') in 0.024926 seconds 
========================================================================
Received Import Request.
  Time since last request: 0.000022 seconds.
  path: Assets/Scenes/Other/Scene1/Lightmap-16_comp_shadowmask.png
  artifactKey: Guid(ac46e075ab15d10428a65391564e4871) Importer(815301076,1909f56bfc062723c751e8b465ee728b)
Start importing Assets/Scenes/Other/Scene1/Lightmap-16_comp_shadowmask.png using Guid(ac46e075ab15d10428a65391564e4871) Importer(815301076,1909f56bfc062723c751e8b465ee728b)  -> (artifact id: '26652fe0198df83c826687a043590ed5') in 0.026349 seconds 
========================================================================
Received Import Request.
  Time since last request: 0.000021 seconds.
  path: Assets/Scenes/Other/Scene1/Lightmap-6_comp_shadowmask.png
  artifactKey: Guid(d4ee48ca8144da24e976294d2c3a7470) Importer(815301076,1909f56bfc062723c751e8b465ee728b)
Start importing Assets/Scenes/Other/Scene1/Lightmap-6_comp_shadowmask.png using Guid(d4ee48ca8144da24e976294d2c3a7470) Importer(815301076,1909f56bfc062723c751e8b465ee728b)  -> (artifact id: '1bf4241ea3a3713a6b92b723378bc2f4') in 0.022752 seconds 
========================================================================
Received Import Request.
  Time since last request: 0.000022 seconds.
  path: Assets/Scenes/Other/Scene1/Lightmap-9_comp_dir.png
  artifactKey: Guid(a7e9d7bd0a94dc04b96a8c7e59c7a14a) Importer(815301076,1909f56bfc062723c751e8b465ee728b)
Start importing Assets/Scenes/Other/Scene1/Lightmap-9_comp_dir.png using Guid(a7e9d7bd0a94dc04b96a8c7e59c7a14a) Importer(815301076,1909f56bfc062723c751e8b465ee728b)  -> (artifact id: '883bbcb0db182c5b7eb1cecb4dc9d24c') in 0.019206 seconds 
========================================================================
Received Import Request.
  Time since last request: 0.000019 seconds.
  path: Assets/Scenes/Other/Scene1/Lightmap-2_comp_light.exr
  artifactKey: Guid(5ea11084f3cf3eb4fae2323e23a8b3e9) Importer(815301076,1909f56bfc062723c751e8b465ee728b)
Start importing Assets/Scenes/Other/Scene1/Lightmap-2_comp_light.exr using Guid(5ea11084f3cf3eb4fae2323e23a8b3e9) Importer(815301076,1909f56bfc062723c751e8b465ee728b)  -> (artifact id: '61273718004ed46ec1cbff47f11ac5be') in 0.018499 seconds 
========================================================================
Received Import Request.
  Time since last request: 0.000020 seconds.
  path: Assets/Scenes/Other/Scene1/Lightmap-8_comp_light.exr
  artifactKey: Guid(87c45666b15a1654bb44c67c1c01f422) Importer(815301076,1909f56bfc062723c751e8b465ee728b)
Start importing Assets/Scenes/Other/Scene1/Lightmap-8_comp_light.exr using Guid(87c45666b15a1654bb44c67c1c01f422) Importer(815301076,1909f56bfc062723c751e8b465ee728b)  -> (artifact id: '607b9b77f0e2b17cf6c144bd9b1106a0') in 0.023320 seconds 
========================================================================
Received Import Request.
  Time since last request: 0.000018 seconds.
  path: Assets/Scenes/Other/Scene1/Lightmap-16_comp_dir.png
  artifactKey: Guid(c97873b5fe08d6449a574171f273bd7b) Importer(815301076,1909f56bfc062723c751e8b465ee728b)
Start importing Assets/Scenes/Other/Scene1/Lightmap-16_comp_dir.png using Guid(c97873b5fe08d6449a574171f273bd7b) Importer(815301076,1909f56bfc062723c751e8b465ee728b)  -> (artifact id: '5a28883f14448434333340ffedb52b04') in 0.020743 seconds 
========================================================================
Received Import Request.
  Time since last request: 0.000025 seconds.
  path: Assets/Scenes/Other/Scene1/Lightmap-5_comp_light.exr
  artifactKey: Guid(56ff5ab7dd76f3b418e2a0a65d0a7219) Importer(815301076,1909f56bfc062723c751e8b465ee728b)
Start importing Assets/Scenes/Other/Scene1/Lightmap-5_comp_light.exr using Guid(56ff5ab7dd76f3b418e2a0a65d0a7219) Importer(815301076,1909f56bfc062723c751e8b465ee728b)  -> (artifact id: 'ca7008c8aad69a8cdb9274c14a0881be') in 0.019144 seconds 
========================================================================
Received Import Request.
  Time since last request: 0.000028 seconds.
  path: Assets/Scenes/Other/Scene1/Lightmap-11_comp_dir.png
  artifactKey: Guid(a5f2041c2841b3b4cbcd42113b8b59e4) Importer(815301076,1909f56bfc062723c751e8b465ee728b)
Start importing Assets/Scenes/Other/Scene1/Lightmap-11_comp_dir.png using Guid(a5f2041c2841b3b4cbcd42113b8b59e4) Importer(815301076,1909f56bfc062723c751e8b465ee728b)  -> (artifact id: 'cc88fa69607d9df16225931941cd730d') in 0.019778 seconds 
========================================================================
Received Import Request.
  Time since last request: 0.000022 seconds.
  path: Assets/Scenes/Other/Scene1/Lightmap-4_comp_light.exr
  artifactKey: Guid(cf896960eb7eb0644a7e75c5e29b574c) Importer(815301076,1909f56bfc062723c751e8b465ee728b)
Start importing Assets/Scenes/Other/Scene1/Lightmap-4_comp_light.exr using Guid(cf896960eb7eb0644a7e75c5e29b574c) Importer(815301076,1909f56bfc062723c751e8b465ee728b)  -> (artifact id: '6da8774dea894665daca51f9e65eb442') in 0.019081 seconds 
========================================================================
Received Import Request.
  Time since last request: 0.000021 seconds.
  path: Assets/Scenes/Other/Scene1/Lightmap-19_comp_light.exr
  artifactKey: Guid(c237647fd82dc8e47a121f2210685676) Importer(815301076,1909f56bfc062723c751e8b465ee728b)
Start importing Assets/Scenes/Other/Scene1/Lightmap-19_comp_light.exr using Guid(c237647fd82dc8e47a121f2210685676) Importer(815301076,1909f56bfc062723c751e8b465ee728b)  -> (artifact id: 'd12fd1e037af87b45bf8276dea1cc8a8') in 0.019388 seconds 
========================================================================
Received Import Request.
  Time since last request: 0.000024 seconds.
  path: Assets/Scenes/Other/Scene1/Lightmap-21_comp_dir.png
  artifactKey: Guid(236d992cfd8971043ae8504f859281f0) Importer(815301076,1909f56bfc062723c751e8b465ee728b)
Start importing Assets/Scenes/Other/Scene1/Lightmap-21_comp_dir.png using Guid(236d992cfd8971043ae8504f859281f0) Importer(815301076,1909f56bfc062723c751e8b465ee728b)  -> (artifact id: '8464fd1573d15d13b77aae2abcff7ca2') in 0.021657 seconds 
========================================================================
Received Import Request.
  Time since last request: 0.000023 seconds.
  path: Assets/Scenes/Other/Scene1/Lightmap-5_comp_dir.png
  artifactKey: Guid(0e730f229ed368544a7d07f401f30629) Importer(815301076,1909f56bfc062723c751e8b465ee728b)
Start importing Assets/Scenes/Other/Scene1/Lightmap-5_comp_dir.png using Guid(0e730f229ed368544a7d07f401f30629) Importer(815301076,1909f56bfc062723c751e8b465ee728b)  -> (artifact id: 'ca76ff3f3095583cfa983c4c4908d3c6') in 0.020330 seconds 
========================================================================
Received Import Request.
  Time since last request: 0.000029 seconds.
  path: Assets/Scenes/Other/Scene1/Lightmap-6_comp_dir.png
  artifactKey: Guid(e34c142c31597b74eb4299baed2baaf1) Importer(815301076,1909f56bfc062723c751e8b465ee728b)
Start importing Assets/Scenes/Other/Scene1/Lightmap-6_comp_dir.png using Guid(e34c142c31597b74eb4299baed2baaf1) Importer(815301076,1909f56bfc062723c751e8b465ee728b)  -> (artifact id: 'ae287fb19a9fab4d82643b7bd08118ad') in 0.019890 seconds 
========================================================================
Received Import Request.
  Time since last request: 0.000021 seconds.
  path: Assets/Scenes/Other/Scene1/Lightmap-18_comp_shadowmask.png
  artifactKey: Guid(172a71b0838dd2449b7e54e7104600c7) Importer(815301076,1909f56bfc062723c751e8b465ee728b)
Start importing Assets/Scenes/Other/Scene1/Lightmap-18_comp_shadowmask.png using Guid(172a71b0838dd2449b7e54e7104600c7) Importer(815301076,1909f56bfc062723c751e8b465ee728b)  -> (artifact id: '7b51608c3ec5a1abf72465eb055a3974') in 0.023261 seconds 
========================================================================
Received Import Request.
  Time since last request: 0.000024 seconds.
  path: Assets/Scenes/Other/Scene1/Lightmap-1_comp_shadowmask.png
  artifactKey: Guid(88897e12edcfea746b5e3a6bf2e1b336) Importer(815301076,1909f56bfc062723c751e8b465ee728b)
Start importing Assets/Scenes/Other/Scene1/Lightmap-1_comp_shadowmask.png using Guid(88897e12edcfea746b5e3a6bf2e1b336) Importer(815301076,1909f56bfc062723c751e8b465ee728b)  -> (artifact id: 'ea81764cd258583f4810350f28ced37a') in 0.023787 seconds 
========================================================================
Received Import Request.
  Time since last request: 0.000022 seconds.
  path: Assets/Scenes/Other/Scene1/Lightmap-14_comp_shadowmask.png
  artifactKey: Guid(db383ec67f5209d4897cc2480a5a2644) Importer(815301076,1909f56bfc062723c751e8b465ee728b)
Start importing Assets/Scenes/Other/Scene1/Lightmap-14_comp_shadowmask.png using Guid(db383ec67f5209d4897cc2480a5a2644) Importer(815301076,1909f56bfc062723c751e8b465ee728b)  -> (artifact id: '1ab42a1c48f6bcc6d02147eff1f758eb') in 0.024498 seconds 
========================================================================
Received Import Request.
  Time since last request: 0.000027 seconds.
  path: Assets/Scenes/Other/Scene1/Lightmap-3_comp_light.exr
  artifactKey: Guid(c6f2c218df3538f41add11e564860c93) Importer(815301076,1909f56bfc062723c751e8b465ee728b)
Start importing Assets/Scenes/Other/Scene1/Lightmap-3_comp_light.exr using Guid(c6f2c218df3538f41add11e564860c93) Importer(815301076,1909f56bfc062723c751e8b465ee728b)  -> (artifact id: 'd64cf8069846c186a8ecc0a609ed18ba') in 0.019633 seconds 
========================================================================
Received Import Request.
  Time since last request: 0.000021 seconds.
  path: Assets/Scenes/Other/Scene1/Lightmap-13_comp_shadowmask.png
  artifactKey: Guid(d5d88b2e90dc80d47bb50fbaf87061d8) Importer(815301076,1909f56bfc062723c751e8b465ee728b)
Start importing Assets/Scenes/Other/Scene1/Lightmap-13_comp_shadowmask.png using Guid(d5d88b2e90dc80d47bb50fbaf87061d8) Importer(815301076,1909f56bfc062723c751e8b465ee728b)  -> (artifact id: '56cd4b5c90e7ac1a350197f310e343bc') in 0.021174 seconds 
========================================================================
Received Import Request.
  Time since last request: 0.000018 seconds.
  path: Assets/Scenes/Other/Scene1/Lightmap-21_comp_shadowmask.png
  artifactKey: Guid(1f9d43a6e8c649746b2ca44876cce6ed) Importer(815301076,1909f56bfc062723c751e8b465ee728b)
Start importing Assets/Scenes/Other/Scene1/Lightmap-21_comp_shadowmask.png using Guid(1f9d43a6e8c649746b2ca44876cce6ed) Importer(815301076,1909f56bfc062723c751e8b465ee728b)  -> (artifact id: '6adf294613ed5fce84b4d79422af058d') in 0.022954 seconds 
========================================================================
Received Import Request.
  Time since last request: 0.000017 seconds.
  path: Assets/Scenes/Other/Scene1/Lightmap-10_comp_shadowmask.png
  artifactKey: Guid(02c89328d2ef75b4ab3dc8a4f9d17448) Importer(815301076,1909f56bfc062723c751e8b465ee728b)
Start importing Assets/Scenes/Other/Scene1/Lightmap-10_comp_shadowmask.png using Guid(02c89328d2ef75b4ab3dc8a4f9d17448) Importer(815301076,1909f56bfc062723c751e8b465ee728b)  -> (artifact id: '3d32328d99f144eb3c814f4c927eb60e') in 0.022757 seconds 
========================================================================
Received Import Request.
  Time since last request: 0.000020 seconds.
  path: Assets/Scenes/Other/Scene1/Lightmap-1_comp_light.exr
  artifactKey: Guid(aaf8753926963204b866aa142d5a980f) Importer(815301076,1909f56bfc062723c751e8b465ee728b)
Start importing Assets/Scenes/Other/Scene1/Lightmap-1_comp_light.exr using Guid(aaf8753926963204b866aa142d5a980f) Importer(815301076,1909f56bfc062723c751e8b465ee728b)  -> (artifact id: 'ff87c306365b6ed5ec62252bb20a3e76') in 0.021807 seconds 
========================================================================
Received Import Request.
  Time since last request: 0.000019 seconds.
  path: Assets/Scenes/Other/Scene1/Lightmap-9_comp_light.exr
  artifactKey: Guid(d8656b66625133f45b7f6b3d33bb99bc) Importer(815301076,1909f56bfc062723c751e8b465ee728b)
Start importing Assets/Scenes/Other/Scene1/Lightmap-9_comp_light.exr using Guid(d8656b66625133f45b7f6b3d33bb99bc) Importer(815301076,1909f56bfc062723c751e8b465ee728b)  -> (artifact id: 'f52939fb79b2830432db37986477a7b9') in 0.021413 seconds 
========================================================================
Received Import Request.
  Time since last request: 0.000022 seconds.
  path: Assets/Scenes/Other/Scene1/Lightmap-19_comp_shadowmask.png
  artifactKey: Guid(061dd4fc700c6904c88b030be2b229c5) Importer(815301076,1909f56bfc062723c751e8b465ee728b)
Start importing Assets/Scenes/Other/Scene1/Lightmap-19_comp_shadowmask.png using Guid(061dd4fc700c6904c88b030be2b229c5) Importer(815301076,1909f56bfc062723c751e8b465ee728b)  -> (artifact id: '5775749740d59fe5c5a3c4e875d02bb1') in 0.027447 seconds 
========================================================================
Received Import Request.
  Time since last request: 0.000024 seconds.
  path: Assets/Scenes/Other/Scene1/Lightmap-12_comp_dir.png
  artifactKey: Guid(fbdb33f51c58f954897554e6be18dedc) Importer(815301076,1909f56bfc062723c751e8b465ee728b)
Start importing Assets/Scenes/Other/Scene1/Lightmap-12_comp_dir.png using Guid(fbdb33f51c58f954897554e6be18dedc) Importer(815301076,1909f56bfc062723c751e8b465ee728b)  -> (artifact id: 'a1e8a6c156810add3d6f75a8352357c4') in 0.021610 seconds 
========================================================================
Received Import Request.
  Time since last request: 0.000026 seconds.
  path: Assets/Scenes/Other/Scene1/Lightmap-14_comp_light.exr
  artifactKey: Guid(d5e88e6788c69dc4ab718c18a74fd059) Importer(815301076,1909f56bfc062723c751e8b465ee728b)
Start importing Assets/Scenes/Other/Scene1/Lightmap-14_comp_light.exr using Guid(d5e88e6788c69dc4ab718c18a74fd059) Importer(815301076,1909f56bfc062723c751e8b465ee728b)  -> (artifact id: '274badbdd84fff58912ca856c5847d34') in 0.019363 seconds 
========================================================================
Received Import Request.
  Time since last request: 0.000024 seconds.
  path: Assets/Scenes/Other/Scene1/Lightmap-17_comp_light.exr
  artifactKey: Guid(8ee1896259adc574cbd23f8094fd0fe9) Importer(815301076,1909f56bfc062723c751e8b465ee728b)
Start importing Assets/Scenes/Other/Scene1/Lightmap-17_comp_light.exr using Guid(8ee1896259adc574cbd23f8094fd0fe9) Importer(815301076,1909f56bfc062723c751e8b465ee728b)  -> (artifact id: '837b81adf6b9740d53c72300a146bbdf') in 0.019849 seconds 
========================================================================
Received Import Request.
  Time since last request: 0.000018 seconds.
  path: Assets/Scenes/Other/Scene1/Lightmap-19_comp_dir.png
  artifactKey: Guid(d5bb731b6eeeebc4ead21077a47b5ee0) Importer(815301076,1909f56bfc062723c751e8b465ee728b)
Start importing Assets/Scenes/Other/Scene1/Lightmap-19_comp_dir.png using Guid(d5bb731b6eeeebc4ead21077a47b5ee0) Importer(815301076,1909f56bfc062723c751e8b465ee728b)  -> (artifact id: '43af9c6a7b383f6f7d573b728c8aacfc') in 0.019839 seconds 
========================================================================
Received Import Request.
  Time since last request: 0.000022 seconds.
  path: Assets/Scenes/Other/Scene1/Lightmap-10_comp_light.exr
  artifactKey: Guid(78d3085d77b397445b076628398fd3cf) Importer(815301076,1909f56bfc062723c751e8b465ee728b)
Start importing Assets/Scenes/Other/Scene1/Lightmap-10_comp_light.exr using Guid(78d3085d77b397445b076628398fd3cf) Importer(815301076,1909f56bfc062723c751e8b465ee728b)  -> (artifact id: '74262dcd601ed48ab35a28c06c3d326d') in 0.020223 seconds 
Editor requested this worker to shutdown with reason: Scaling down because of idle timeout
AssetImportWorker is now disconnected from the server
Process exiting
Exiting without the bug reporter. Application will terminate with return code 0