Using pre-set license
Built from '2021.3/staging' branch; Version is '2021.3.11f1 (0a5ca18544bf) revision 679073'; Using compiler version '192829333'; Build Type 'Release'
OS: 'Windows 10  (10.0.19045) 64bit CoreSingleLanguage' Language: 'ru' Physical Memory: 16280 MB
BatchMode: 1, IsHumanControllingUs: 0, StartBugReporterOnCrash: 0, Is64bit: 1, IsPro: 1

COMMAND LINE ARGUMENTS:
C:\Program Files\Unity\Hub\Editor\2021.3.11f1\Editor\Unity.exe
-adb2
-batchMode
-noUpm
-name
AssetImportWorker4
-projectPath
C:/Users/Admin/Documents/GitHub/VRTown/VR
-logFile
Logs/AssetImportWorker4.log
-srvPort
50060
Successfully changed project path to: C:/Users/Admin/Documents/GitHub/VRTown/VR
C:/Users/Admin/Documents/GitHub/VRTown/VR
[UnityMemory] Configuration Parameters - Can be set up in boot.config
    "memorysetup-bucket-allocator-granularity=16"
    "memorysetup-bucket-allocator-bucket-count=8"
    "memorysetup-bucket-allocator-block-size=33554432"
    "memorysetup-bucket-allocator-block-count=8"
    "memorysetup-main-allocator-block-size=16777216"
    "memorysetup-thread-allocator-block-size=16777216"
    "memorysetup-gfx-main-allocator-block-size=16777216"
    "memorysetup-gfx-thread-allocator-block-size=16777216"
    "memorysetup-cache-allocator-block-size=4194304"
    "memorysetup-typetree-allocator-block-size=2097152"
    "memorysetup-profiler-bucket-allocator-granularity=16"
    "memorysetup-profiler-bucket-allocator-bucket-count=8"
    "memorysetup-profiler-bucket-allocator-block-size=33554432"
    "memorysetup-profiler-bucket-allocator-block-count=8"
    "memorysetup-profiler-allocator-block-size=16777216"
    "memorysetup-profiler-editor-allocator-block-size=1048576"
    "memorysetup-temp-allocator-size-main=16777216"
    "memorysetup-job-temp-allocator-block-size=2097152"
    "memorysetup-job-temp-allocator-block-size-background=1048576"
    "memorysetup-job-temp-allocator-reduction-small-platforms=262144"
    "memorysetup-temp-allocator-size-background-worker=32768"
    "memorysetup-temp-allocator-size-job-worker=262144"
    "memorysetup-temp-allocator-size-preload-manager=33554432"
    "memorysetup-temp-allocator-size-nav-mesh-worker=65536"
    "memorysetup-temp-allocator-size-audio-worker=65536"
    "memorysetup-temp-allocator-size-cloud-worker=32768"
    "memorysetup-temp-allocator-size-gi-baking-worker=262144"
    "memorysetup-temp-allocator-size-gfx=262144"
Refreshing native plugins compatible for Editor in 165.30 ms, found 16 plugins.
Preloading 1 native plugins for Editor in 0.86 ms.
Initialize engine version: 2021.3.11f1 (0a5ca18544bf)
[Subsystems] Discovering subsystems at path C:/Program Files/Unity/Hub/Editor/2021.3.11f1/Editor/Data/Resources/UnitySubsystems
[Subsystems] Discovering subsystems at path C:/Users/Admin/Documents/GitHub/VRTown/VR/Assets
GfxDevice: creating device client; threaded=0; jobified=0
Direct3D:
    Version:  Direct3D 11.0 [level 11.1]
    Renderer: NVIDIA GeForce GTX 1660 Ti (ID=0x2182)
    Vendor:   NVIDIA
    VRAM:     5979 MB
    Driver:   31.0.15.3623
Initialize mono
Mono path[0] = 'C:/Program Files/Unity/Hub/Editor/2021.3.11f1/Editor/Data/Managed'
Mono path[1] = 'C:/Program Files/Unity/Hub/Editor/2021.3.11f1/Editor/Data/MonoBleedingEdge/lib/mono/unityjit-win32'
Mono config path = 'C:/Program Files/Unity/Hub/Editor/2021.3.11f1/Editor/Data/MonoBleedingEdge/etc'
Using monoOptions --debugger-agent=transport=dt_socket,embedding=1,server=y,suspend=n,address=127.0.0.1:56992
Begin MonoManager ReloadAssembly
Registering precompiled unity dll's ...
Register platform support module: C:/Program Files/Unity/Hub/Editor/2021.3.11f1/Editor/Data/PlaybackEngines/WindowsStandaloneSupport/UnityEditor.WindowsStandalone.Extensions.dll
Registered in 0.008880 seconds.
Native extension for WindowsStandalone target not found
Refreshing native plugins compatible for Editor in 152.02 ms, found 16 plugins.
Preloading 1 native plugins for Editor in 0.07 ms.
Mono: successfully reloaded assembly
- Completed reload, in  0.770 seconds
Domain Reload Profiling:
	ReloadAssembly (770ms)
		BeginReloadAssembly (82ms)
			ExecutionOrderSort (0ms)
			DisableScriptedObjects (0ms)
			BackupInstance (0ms)
			ReleaseScriptingObjects (0ms)
			CreateAndSetChildDomain (1ms)
		EndReloadAssembly (554ms)
			LoadAssemblies (78ms)
			RebuildTransferFunctionScriptingTraits (0ms)
			SetupTypeCache (138ms)
			ReleaseScriptCaches (0ms)
			RebuildScriptCaches (28ms)
			SetupLoadedEditorAssemblies (333ms)
				LogAssemblyErrors (0ms)
				InitializePlatformSupportModulesInManaged (7ms)
				SetLoadedEditorAssemblies (0ms)
				RefreshPlugins (152ms)
				BeforeProcessingInitializeOnLoad (1ms)
				ProcessInitializeOnLoadAttributes (122ms)
				ProcessInitializeOnLoadMethodAttributes (51ms)
				AfterProcessingInitializeOnLoad (0ms)
				EditorAssembliesLoaded (0ms)
			ExecutionOrderSort2 (0ms)
			AwakeInstancesAfterBackupRestoration (0ms)
Platform modules already initialized, skipping
Registering precompiled user dll's ...
Registered in 0.010974 seconds.
Begin MonoManager ReloadAssembly
Native extension for WindowsStandalone target not found
Refreshing native plugins compatible for Editor in 163.55 ms, found 16 plugins.
Preloading 1 native plugins for Editor in 0.07 ms.
Package Manager log level set to [2]
System.Reflection.TargetInvocationException: Exception has been thrown by the target of an invocation. ---> System.NullReferenceException: Object reference not set to an instance of an object
  at Unity.XR.Oculus.OculusLoader.AssetPathToAbsolutePath (System.String assetPath) [0x0003d] in C:\Users\Admin\Documents\GitHub\VRTown\VR\Library\PackageCache\com.unity.xr.oculus@3.0.2\Runtime\OculusLoader.cs:271 
  at Unity.XR.Oculus.OculusLoader.EditorLoadOVRPlugin () [0x0007b] in C:\Users\Admin\Documents\GitHub\VRTown\VR\Library\PackageCache\com.unity.xr.oculus@3.0.2\Runtime\OculusLoader.cs:256 
  at (wrapper managed-to-native) System.Reflection.RuntimeMethodInfo.InternalInvoke(System.Reflection.RuntimeMethodInfo,object,object[],System.Exception&)
  at System.Reflection.RuntimeMethodInfo.Invoke (System.Object obj, System.Reflection.BindingFlags invokeAttr, System.Reflection.Binder binder, System.Object[] parameters, System.Globalization.CultureInfo culture) [0x0006a] in <9aad1b3a47484d63ba2b3985692d80e9>:0 
   --- End of inner exception stack trace ---
  at System.Reflection.RuntimeMethodInfo.Invoke (System.Object obj, System.Reflection.BindingFlags invokeAttr, System.Reflection.Binder binder, System.Object[] parameters, System.Globalization.CultureInfo culture) [0x00083] in <9aad1b3a47484d63ba2b3985692d80e9>:0 
  at System.Reflection.MethodBase.Invoke (System.Object obj, System.Object[] parameters) [0x00000] in <9aad1b3a47484d63ba2b3985692d80e9>:0 
  at UnityEditor.EditorAssemblies.ProcessInitializeOnLoadMethodAttributes () [0x000a5] in <4e64905d831f4883a53259ef37fb023b>:0 
UnityEngine.StackTraceUtility:ExtractStackTrace ()
UnityEngine.DebugLogHandler:LogFormat (UnityEngine.LogType,UnityEngine.Object,string,object[])
UnityEngine.Logger:Log (UnityEngine.LogType,object)
UnityEngine.Debug:LogError (object)
UnityEditor.EditorAssemblies:ProcessInitializeOnLoadMethodAttributes ()

Mono: successfully reloaded assembly
- Completed reload, in  1.614 seconds
Domain Reload Profiling:
	ReloadAssembly (1615ms)
		BeginReloadAssembly (112ms)
			ExecutionOrderSort (0ms)
			DisableScriptedObjects (5ms)
			BackupInstance (0ms)
			ReleaseScriptingObjects (0ms)
			CreateAndSetChildDomain (22ms)
		EndReloadAssembly (1363ms)
			LoadAssemblies (95ms)
			RebuildTransferFunctionScriptingTraits (0ms)
			SetupTypeCache (402ms)
			ReleaseScriptCaches (1ms)
			RebuildScriptCaches (86ms)
			SetupLoadedEditorAssemblies (737ms)
				LogAssemblyErrors (0ms)
				InitializePlatformSupportModulesInManaged (4ms)
				SetLoadedEditorAssemblies (0ms)
				RefreshPlugins (164ms)
				BeforeProcessingInitializeOnLoad (126ms)
				ProcessInitializeOnLoadAttributes (395ms)
				ProcessInitializeOnLoadMethodAttributes (39ms)
				AfterProcessingInitializeOnLoad (9ms)
				EditorAssembliesLoaded (0ms)
			ExecutionOrderSort2 (0ms)
			AwakeInstancesAfterBackupRestoration (5ms)
Platform modules already initialized, skipping
========================================================================
Worker process is ready to serve import requests
Launched and connected shader compiler UnityShaderCompiler.exe after 0.04 seconds
Refreshing native plugins compatible for Editor in 1.64 ms, found 16 plugins.
Preloading 1 native plugins for Editor in 0.08 ms.
Unloading 5102 Unused Serialized files (Serialized files now loaded: 0)
Unloading 81 unused Assets / (1.3 MB). Loaded Objects now: 5549.
Memory consumption went from 215.8 MB to 214.5 MB.
Total: 4.595800 ms (FindLiveObjects: 0.563100 ms CreateObjectMapping: 0.428000 ms MarkObjects: 3.271500 ms  DeleteObjects: 0.332500 ms)

AssetImportParameters requested are different than current active one (requested -> active):
  custom:video-decoder-ogg-theora: a1e56fd34408186e4bbccfd4996cb3dc -> 
  custom:container-muxer-webm: aa71ff27fc2769a1b78a27578f13a17b -> 
  custom:container-demuxer-webm: 4f35f7cbe854078d1ac9338744f61a02 -> 
  custom:video-encoder-webm-vp8: eb34c28f22e8b96e1ab97ce403110664 -> 
  custom:audio-encoder-webm-vorbis: bf7c407c2cedff20999df2af8eb42d56 -> 
  custom:framework-win-MediaFoundation: 216162199b28c13a410421893ffa2e32 -> 
  custom:container-demuxer-ogg: 62fdf1f143b41e24485cea50d1cbac27 -> 
  custom:video-decoder-webm-vp8: 9c59270c3fd7afecdb556c50c9e8de78 -> 
  custom:audio-decoder-ogg-vorbis: bf7c407c2cedff20999df2af8eb42d56 -> 
========================================================================
Received Import Request.
  Time since last request: 530786.255280 seconds.
  path: Assets/Traffic System/Prefabs/Vehicles/Types/Traffic System Vechile - Full Test Car - Player Auto.prefab
  artifactKey: Guid(d10aadd81105f5144b3a691426023f1a) Importer(815301076,1909f56bfc062723c751e8b465ee728b)
Start importing Assets/Traffic System/Prefabs/Vehicles/Types/Traffic System Vechile - Full Test Car - Player Auto.prefab using Guid(d10aadd81105f5144b3a691426023f1a) Importer(815301076,1909f56bfc062723c751e8b465ee728b)  -> (artifact id: '618e9e4448a4fb06c019489e397a6637') in 0.135958 seconds 
========================================================================
Received Import Request.
  Time since last request: 3.385323 seconds.
  path: Assets/Traffic System/Prefabs/Vehicles/Types/Traffic System Vechile - Full Test Car 1.prefab
  artifactKey: Guid(cc816e17867813847b29dc58ee585ebc) Importer(815301076,1909f56bfc062723c751e8b465ee728b)
Start importing Assets/Traffic System/Prefabs/Vehicles/Types/Traffic System Vechile - Full Test Car 1.prefab using Guid(cc816e17867813847b29dc58ee585ebc) Importer(815301076,1909f56bfc062723c751e8b465ee728b)  -> (artifact id: '1e0b3004ba03159d573ecdfdf0a33e8a') in 0.040591 seconds 
========================================================================
Received Import Request.
  Time since last request: 3.474505 seconds.
  path: Assets/Traffic System/Prefabs/Vehicles/Types/Traffic System Vechile - Full Test Car 2.prefab
  artifactKey: Guid(93526f5faa64d7b45873ceaa6e5fcd74) Importer(815301076,1909f56bfc062723c751e8b465ee728b)
Start importing Assets/Traffic System/Prefabs/Vehicles/Types/Traffic System Vechile - Full Test Car 2.prefab using Guid(93526f5faa64d7b45873ceaa6e5fcd74) Importer(815301076,1909f56bfc062723c751e8b465ee728b)  -> (artifact id: '0ad5a9fa142c16255ddda05ac291371f') in 0.024010 seconds 
========================================================================
Received Import Request.
  Time since last request: 3.157538 seconds.
  path: Assets/Traffic System/Prefabs/Vehicles/Types/Traffic System Vechile - Full Test Car 3.prefab
  artifactKey: Guid(607b09b21d6dd584087781adbedd8933) Importer(815301076,1909f56bfc062723c751e8b465ee728b)
Start importing Assets/Traffic System/Prefabs/Vehicles/Types/Traffic System Vechile - Full Test Car 3.prefab using Guid(607b09b21d6dd584087781adbedd8933) Importer(815301076,1909f56bfc062723c751e8b465ee728b)  -> (artifact id: '239f7c51e33193ae3e32c576d51c5200') in 0.018694 seconds 
========================================================================
Received Import Request.
  Time since last request: 2.602351 seconds.
  path: Assets/Traffic System/Prefabs/Vehicles/Types/Traffic System Vechile - Full Test Car.prefab
  artifactKey: Guid(949278bdf5c0f6a4584057f40f889a87) Importer(815301076,1909f56bfc062723c751e8b465ee728b)
Start importing Assets/Traffic System/Prefabs/Vehicles/Types/Traffic System Vechile - Full Test Car.prefab using Guid(949278bdf5c0f6a4584057f40f889a87) Importer(815301076,1909f56bfc062723c751e8b465ee728b)  -> (artifact id: 'b978449de64915eef7299bdd06269461') in 0.014961 seconds 
========================================================================
Received Prepare
Registering precompiled user dll's ...
Registered in 0.010812 seconds.
Begin MonoManager ReloadAssembly
Native extension for WindowsStandalone target not found
Refreshing native plugins compatible for Editor in 2.94 ms, found 16 plugins.
Preloading 1 native plugins for Editor in 0.15 ms.
System.Reflection.TargetInvocationException: Exception has been thrown by the target of an invocation. ---> System.NullReferenceException: Object reference not set to an instance of an object
  at Unity.XR.Oculus.OculusLoader.AssetPathToAbsolutePath (System.String assetPath) [0x0003d] in C:\Users\Admin\Documents\GitHub\VRTown\VR\Library\PackageCache\com.unity.xr.oculus@3.0.2\Runtime\OculusLoader.cs:271 
  at Unity.XR.Oculus.OculusLoader.EditorLoadOVRPlugin () [0x0007b] in C:\Users\Admin\Documents\GitHub\VRTown\VR\Library\PackageCache\com.unity.xr.oculus@3.0.2\Runtime\OculusLoader.cs:256 
  at (wrapper managed-to-native) System.Reflection.RuntimeMethodInfo.InternalInvoke(System.Reflection.RuntimeMethodInfo,object,object[],System.Exception&)
  at System.Reflection.RuntimeMethodInfo.Invoke (System.Object obj, System.Reflection.BindingFlags invokeAttr, System.Reflection.Binder binder, System.Object[] parameters, System.Globalization.CultureInfo culture) [0x0006a] in <9aad1b3a47484d63ba2b3985692d80e9>:0 
   --- End of inner exception stack trace ---
  at System.Reflection.RuntimeMethodInfo.Invoke (System.Object obj, System.Reflection.BindingFlags invokeAttr, System.Reflection.Binder binder, System.Object[] parameters, System.Globalization.CultureInfo culture) [0x00083] in <9aad1b3a47484d63ba2b3985692d80e9>:0 
  at System.Reflection.MethodBase.Invoke (System.Object obj, System.Object[] parameters) [0x00000] in <9aad1b3a47484d63ba2b3985692d80e9>:0 
  at UnityEditor.EditorAssemblies.ProcessInitializeOnLoadMethodAttributes () [0x000a5] in <4e64905d831f4883a53259ef37fb023b>:0 
UnityEngine.StackTraceUtility:ExtractStackTrace ()
UnityEngine.DebugLogHandler:LogFormat (UnityEngine.LogType,UnityEngine.Object,string,object[])
UnityEngine.Logger:Log (UnityEngine.LogType,object)
UnityEngine.Debug:LogError (object)
UnityEditor.EditorAssemblies:ProcessInitializeOnLoadMethodAttributes ()

Mono: successfully reloaded assembly
- Completed reload, in  1.429 seconds
Domain Reload Profiling:
	ReloadAssembly (1429ms)
		BeginReloadAssembly (151ms)
			ExecutionOrderSort (0ms)
			DisableScriptedObjects (4ms)
			BackupInstance (0ms)
			ReleaseScriptingObjects (0ms)
			CreateAndSetChildDomain (54ms)
		EndReloadAssembly (1157ms)
			LoadAssemblies (102ms)
			RebuildTransferFunctionScriptingTraits (0ms)
			SetupTypeCache (364ms)
			ReleaseScriptCaches (2ms)
			RebuildScriptCaches (66ms)
			SetupLoadedEditorAssemblies (552ms)
				LogAssemblyErrors (0ms)
				InitializePlatformSupportModulesInManaged (15ms)
				SetLoadedEditorAssemblies (1ms)
				RefreshPlugins (3ms)
				BeforeProcessingInitializeOnLoad (109ms)
				ProcessInitializeOnLoadAttributes (380ms)
				ProcessInitializeOnLoadMethodAttributes (36ms)
				AfterProcessingInitializeOnLoad (8ms)
				EditorAssembliesLoaded (0ms)
			ExecutionOrderSort2 (0ms)
			AwakeInstancesAfterBackupRestoration (6ms)
Platform modules already initialized, skipping
Refreshing native plugins compatible for Editor in 7.39 ms, found 16 plugins.
Preloading 1 native plugins for Editor in 0.10 ms.
Unloading 4980 Unused Serialized files (Serialized files now loaded: 0)
Unloading 59 unused Assets / (1.3 MB). Loaded Objects now: 5574.
Memory consumption went from 209.8 MB to 208.4 MB.
Total: 4.788700 ms (FindLiveObjects: 0.554600 ms CreateObjectMapping: 0.467800 ms MarkObjects: 3.416900 ms  DeleteObjects: 0.348300 ms)

AssetImportParameters requested are different than current active one (requested -> active):
  custom:video-decoder-ogg-theora: a1e56fd34408186e4bbccfd4996cb3dc -> 
  custom:container-muxer-webm: aa71ff27fc2769a1b78a27578f13a17b -> 
  custom:container-demuxer-webm: 4f35f7cbe854078d1ac9338744f61a02 -> 
  custom:video-encoder-webm-vp8: eb34c28f22e8b96e1ab97ce403110664 -> 
  custom:audio-encoder-webm-vorbis: bf7c407c2cedff20999df2af8eb42d56 -> 
  custom:framework-win-MediaFoundation: 216162199b28c13a410421893ffa2e32 -> 
  custom:container-demuxer-ogg: 62fdf1f143b41e24485cea50d1cbac27 -> 
  custom:video-decoder-webm-vp8: 9c59270c3fd7afecdb556c50c9e8de78 -> 
  custom:audio-decoder-ogg-vorbis: bf7c407c2cedff20999df2af8eb42d56 -> 
========================================================================
Received Import Request.
  Time since last request: 49.252589 seconds.
  path: Assets/Traffic System/Prefabs/Road Pieces/1 Lane - Blue Straight.prefab
  artifactKey: Guid(6bed42352a2df3d4a8946ea74bcd528c) Importer(815301076,1909f56bfc062723c751e8b465ee728b)
Start importing Assets/Traffic System/Prefabs/Road Pieces/1 Lane - Blue Straight.prefab using Guid(6bed42352a2df3d4a8946ea74bcd528c) Importer(815301076,1909f56bfc062723c751e8b465ee728b)  -> (artifact id: '6fc06ce58a898cc5996e5110b50abc18') in 0.076328 seconds 
========================================================================
Received Import Request.
  Time since last request: 0.000033 seconds.
  path: Assets/Traffic System/Prefabs/Road Pieces/2 Lanes - T Intersection + Traffic Lights (Connected).prefab
  artifactKey: Guid(8bc3c5bd3c0fd2342a3fa718280129bb) Importer(815301076,1909f56bfc062723c751e8b465ee728b)
Start importing Assets/Traffic System/Prefabs/Road Pieces/2 Lanes - T Intersection + Traffic Lights (Connected).prefab using Guid(8bc3c5bd3c0fd2342a3fa718280129bb) Importer(815301076,1909f56bfc062723c751e8b465ee728b)  -> (artifact id: '6997c41eda1008c8cfe51d441436e138') in 0.028799 seconds 
========================================================================
Received Import Request.
  Time since last request: 0.000031 seconds.
  path: Assets/Traffic System/Prefabs/Road Pieces/4 Lanes - Straight Exit - ( Road V2 ).prefab
  artifactKey: Guid(1813f1706ed07ab4b81ec01a5060cc20) Importer(815301076,1909f56bfc062723c751e8b465ee728b)
Start importing Assets/Traffic System/Prefabs/Road Pieces/4 Lanes - Straight Exit - ( Road V2 ).prefab using Guid(1813f1706ed07ab4b81ec01a5060cc20) Importer(815301076,1909f56bfc062723c751e8b465ee728b)  -> (artifact id: '03b29d4cff80d4ff28dc18b1b622cc14') in 0.030176 seconds 
========================================================================
Received Import Request.
  Time since last request: 0.000031 seconds.
  path: Assets/Traffic System/Prefabs/Road Pieces/4 Lanes - Straight Entry - ( Road V2 ).prefab
  artifactKey: Guid(2b6aa1f43c7c2a44791c43226dcdc2be) Importer(815301076,1909f56bfc062723c751e8b465ee728b)
Start importing Assets/Traffic System/Prefabs/Road Pieces/4 Lanes - Straight Entry - ( Road V2 ).prefab using Guid(2b6aa1f43c7c2a44791c43226dcdc2be) Importer(815301076,1909f56bfc062723c751e8b465ee728b)  -> (artifact id: 'fc0f4bd12f16512ae5ace065f3f3ccc5') in 0.026475 seconds 
========================================================================
Received Import Request.
  Time since last request: 0.000029 seconds.
  path: Assets/Traffic System/Models/Road Pieces/HD Verions/2 to 4 line entrance.FBX
  artifactKey: Guid(813f011eb9f1eaf47bc13f209ee49ec1) Importer(815301076,1909f56bfc062723c751e8b465ee728b)
Start importing Assets/Traffic System/Models/Road Pieces/HD Verions/2 to 4 line entrance.FBX using Guid(813f011eb9f1eaf47bc13f209ee49ec1) Importer(815301076,1909f56bfc062723c751e8b465ee728b)  -> (artifact id: '6c70cfdfbe8d72c7cf05cd7a652ec266') in 0.093097 seconds 
========================================================================
Received Import Request.
  Time since last request: 0.000049 seconds.
  path: Assets/Traffic System/Prefabs/Road Pieces/2 Lanes - Straight Half - ( Road V2 ).prefab
  artifactKey: Guid(38789bde46e4df946aae1e36f17be78b) Importer(815301076,1909f56bfc062723c751e8b465ee728b)
Start importing Assets/Traffic System/Prefabs/Road Pieces/2 Lanes - Straight Half - ( Road V2 ).prefab using Guid(38789bde46e4df946aae1e36f17be78b) Importer(815301076,1909f56bfc062723c751e8b465ee728b)  -> (artifact id: '1f3b6567a072e33033b264afcffe8241') in 0.023468 seconds 
========================================================================
Received Import Request.
  Time since last request: 0.000030 seconds.
  path: Assets/SteamVR/Models/Materials/AlienHand_AlbedoTransparency.png
  artifactKey: Guid(c7d922ead57c2c34ea7da4ad4c05bd61) Importer(815301076,1909f56bfc062723c751e8b465ee728b)
Start importing Assets/SteamVR/Models/Materials/AlienHand_AlbedoTransparency.png using Guid(c7d922ead57c2c34ea7da4ad4c05bd61) Importer(815301076,1909f56bfc062723c751e8b465ee728b)  -> (artifact id: '225068d6454079074608866671dd9c6a') in 0.033175 seconds 
========================================================================
Received Import Request.
  Time since last request: 0.000031 seconds.
  path: Assets/SteamVR/InteractionSystem/Samples/JoeJeff/Textures/JoeJeff_AlbedoTransparency.png
  artifactKey: Guid(4c2ebb3f4fad59f479171438f7b76cf4) Importer(815301076,1909f56bfc062723c751e8b465ee728b)
Start importing Assets/SteamVR/InteractionSystem/Samples/JoeJeff/Textures/JoeJeff_AlbedoTransparency.png using Guid(4c2ebb3f4fad59f479171438f7b76cf4) Importer(815301076,1909f56bfc062723c751e8b465ee728b)  -> (artifact id: '2072d6850123f00f613bcb5ea356d98e') in 0.019265 seconds 
========================================================================
Received Import Request.
  Time since last request: 0.000024 seconds.
  path: Assets/Traffic System/Models/Road Pieces/Original Versions/L2_Straight_Ramp.FBX
  artifactKey: Guid(c45c2f5348699434f84f42b6827d01dd) Importer(815301076,1909f56bfc062723c751e8b465ee728b)
Start importing Assets/Traffic System/Models/Road Pieces/Original Versions/L2_Straight_Ramp.FBX using Guid(c45c2f5348699434f84f42b6827d01dd) Importer(815301076,1909f56bfc062723c751e8b465ee728b)  -> (artifact id: '31c79addfc5d73738605a42a27b7551f') in 0.024039 seconds 
========================================================================
Received Import Request.
  Time since last request: 0.000027 seconds.
  path: Assets/Traffic System/Prefabs/Road Pieces/Not Used Anymore/2 Lanes - Intersection + Traffic Lights (Not Connected) (R2).prefab
  artifactKey: Guid(877fe0952b8dd074fb916114910aea87) Importer(815301076,1909f56bfc062723c751e8b465ee728b)
Start importing Assets/Traffic System/Prefabs/Road Pieces/Not Used Anymore/2 Lanes - Intersection + Traffic Lights (Not Connected) (R2).prefab using Guid(877fe0952b8dd074fb916114910aea87) Importer(815301076,1909f56bfc062723c751e8b465ee728b)  -> (artifact id: 'fcb8b48d7f4536c1c4b2c380c6e4cfb5') in 0.035336 seconds 
========================================================================
Received Import Request.
  Time since last request: 0.000036 seconds.
  path: Assets/SteamVR/InteractionSystem/Samples/Grenade/Nade_Nade_AlbedoTransparency.png
  artifactKey: Guid(7ced61033fda20e499754959d900951f) Importer(815301076,1909f56bfc062723c751e8b465ee728b)
Start importing Assets/SteamVR/InteractionSystem/Samples/Grenade/Nade_Nade_AlbedoTransparency.png using Guid(7ced61033fda20e499754959d900951f) Importer(815301076,1909f56bfc062723c751e8b465ee728b)  -> (artifact id: '7d0a98c74bfd68479b6d6529c84fc299') in 0.018615 seconds 
========================================================================
Received Import Request.
  Time since last request: 0.000024 seconds.
  path: Assets/Traffic System/Prefabs/Road Pieces/1 Lane - Pink Straight Half.prefab
  artifactKey: Guid(d2f40c4311d5854488bb8d35be428aa2) Importer(815301076,1909f56bfc062723c751e8b465ee728b)
Start importing Assets/Traffic System/Prefabs/Road Pieces/1 Lane - Pink Straight Half.prefab using Guid(d2f40c4311d5854488bb8d35be428aa2) Importer(815301076,1909f56bfc062723c751e8b465ee728b)  -> (artifact id: 'fd881a578571174714f88c68c5d4e62a') in 0.029014 seconds 
========================================================================
Received Import Request.
  Time since last request: 0.000056 seconds.
  path: Assets/Traffic System/Prefabs/Road Pieces/6 Lanes - Straight Exit - ( Road V2 ).prefab
  artifactKey: Guid(ad7ba656d883c10498945d75f200c4c4) Importer(815301076,1909f56bfc062723c751e8b465ee728b)
Start importing Assets/Traffic System/Prefabs/Road Pieces/6 Lanes - Straight Exit - ( Road V2 ).prefab using Guid(ad7ba656d883c10498945d75f200c4c4) Importer(815301076,1909f56bfc062723c751e8b465ee728b)  -> (artifact id: '7bc988a5be8d7306bc53749266645d05') in 0.019776 seconds 
========================================================================
Received Import Request.
  Time since last request: 0.000026 seconds.
  path: Assets/SteamVR/InteractionSystem/Samples/Models/Materials/BuggyController.mat
  artifactKey: Guid(aa587069092ad614eab6b0d694a87c96) Importer(815301076,1909f56bfc062723c751e8b465ee728b)
Start importing Assets/SteamVR/InteractionSystem/Samples/Models/Materials/BuggyController.mat using Guid(aa587069092ad614eab6b0d694a87c96) Importer(815301076,1909f56bfc062723c751e8b465ee728b)  -> (artifact id: '909afd96981fa5e132e2748cc7610ccb') in 0.034102 seconds 
========================================================================
Received Import Request.
  Time since last request: 0.000021 seconds.
  path: Assets/Traffic System/Models/Traffic Lights/Version 2/Materials/diffuse_trafic lights.mat
  artifactKey: Guid(b37b5f2fb071fc54dae441813dee0909) Importer(815301076,1909f56bfc062723c751e8b465ee728b)
Start importing Assets/Traffic System/Models/Traffic Lights/Version 2/Materials/diffuse_trafic lights.mat using Guid(b37b5f2fb071fc54dae441813dee0909) Importer(815301076,1909f56bfc062723c751e8b465ee728b)  -> (artifact id: '5d5168f615b4a91ae1ba259f41e668c9') in 0.011390 seconds 
========================================================================
Received Import Request.
  Time since last request: 0.000023 seconds.
  path: Assets/Traffic System/Prefabs/Road Pieces/2 Lanes - Straight - ( Road V2 ).prefab
  artifactKey: Guid(ffe77492394119644a140afa238e8c51) Importer(815301076,1909f56bfc062723c751e8b465ee728b)
Start importing Assets/Traffic System/Prefabs/Road Pieces/2 Lanes - Straight - ( Road V2 ).prefab using Guid(ffe77492394119644a140afa238e8c51) Importer(815301076,1909f56bfc062723c751e8b465ee728b)  -> (artifact id: '622632e43985898aa610e7ed61378063') in 0.017360 seconds 
========================================================================
Received Import Request.
  Time since last request: 0.000028 seconds.
  path: Assets/SteamVR/InteractionSystem/Samples/BuggyBuddy/Materials/BuggyController__Controller.mat
  artifactKey: Guid(4408e8645ee827345aa56eee531f96e5) Importer(815301076,1909f56bfc062723c751e8b465ee728b)
Start importing Assets/SteamVR/InteractionSystem/Samples/BuggyBuddy/Materials/BuggyController__Controller.mat using Guid(4408e8645ee827345aa56eee531f96e5) Importer(815301076,1909f56bfc062723c751e8b465ee728b)  -> (artifact id: '060b984e0a4afd33d641c6e79da96a5c') in 0.012209 seconds 
========================================================================
Received Import Request.
  Time since last request: 0.000025 seconds.
  path: Assets/Traffic System/Prefabs/Road Pieces/4 Lanes - Straight Exit.prefab
  artifactKey: Guid(e826d040a37b0c14e88904286bd29bd3) Importer(815301076,1909f56bfc062723c751e8b465ee728b)
Start importing Assets/Traffic System/Prefabs/Road Pieces/4 Lanes - Straight Exit.prefab using Guid(e826d040a37b0c14e88904286bd29bd3) Importer(815301076,1909f56bfc062723c751e8b465ee728b)  -> (artifact id: 'ac6f410fd77733c10a64529f8990a228') in 0.013859 seconds 
========================================================================
Received Import Request.
  Time since last request: 0.000029 seconds.
  path: Assets/Traffic System/Prefabs/Road Pieces/Not Used Anymore/2 Lanes - T Intersection + Traffic Lights (Not Connected) (R2).prefab
  artifactKey: Guid(1f1792011930d654e862fd3dadc8ac03) Importer(815301076,1909f56bfc062723c751e8b465ee728b)
Start importing Assets/Traffic System/Prefabs/Road Pieces/Not Used Anymore/2 Lanes - T Intersection + Traffic Lights (Not Connected) (R2).prefab using Guid(1f1792011930d654e862fd3dadc8ac03) Importer(815301076,1909f56bfc062723c751e8b465ee728b)  -> (artifact id: 'd75d4be0929af5b5eac324574ef9daa5') in 0.023466 seconds 
========================================================================
Received Import Request.
  Time since last request: 0.000025 seconds.
  path: Assets/SteamVR/InteractionSystem/Samples/BuggyBuddy/Materials/BuggyController.mat
  artifactKey: Guid(8429e69bebe55ae4392d143cc550134f) Importer(815301076,1909f56bfc062723c751e8b465ee728b)
Start importing Assets/SteamVR/InteractionSystem/Samples/BuggyBuddy/Materials/BuggyController.mat using Guid(8429e69bebe55ae4392d143cc550134f) Importer(815301076,1909f56bfc062723c751e8b465ee728b)  -> (artifact id: '7c911ab40dc628119a92ab5a4678ba2c') in 0.265421 seconds 
========================================================================
Received Import Request.
  Time since last request: 0.000028 seconds.
  path: Assets/Traffic System/Prefabs/Road Pieces/2 Lanes - T Intersection + Traffic Lights (Not Connected).prefab
  artifactKey: Guid(d6b6cf8717e736d4281bdf2cce1c1d6a) Importer(815301076,1909f56bfc062723c751e8b465ee728b)
Start importing Assets/Traffic System/Prefabs/Road Pieces/2 Lanes - T Intersection + Traffic Lights (Not Connected).prefab using Guid(d6b6cf8717e736d4281bdf2cce1c1d6a) Importer(815301076,1909f56bfc062723c751e8b465ee728b)  -> (artifact id: '007204f5f1f9f55740a81f91d8afd18e') in 0.017576 seconds 
========================================================================
Received Import Request.
  Time since last request: 0.000030 seconds.
  path: Assets/Traffic System/Prefabs/Road Pieces/2 Lanes - T Intersection + Traffic Lights (Connected) - ( Road V2 ).prefab
  artifactKey: Guid(5498763333f3b954cb59c024f448543b) Importer(815301076,1909f56bfc062723c751e8b465ee728b)
Start importing Assets/Traffic System/Prefabs/Road Pieces/2 Lanes - T Intersection + Traffic Lights (Connected) - ( Road V2 ).prefab using Guid(5498763333f3b954cb59c024f448543b) Importer(815301076,1909f56bfc062723c751e8b465ee728b)  -> (artifact id: 'f37b96873eab1e621ab6f76fa2afbb20') in 0.040109 seconds 
========================================================================
Received Import Request.
  Time since last request: 0.000023 seconds.
  path: Assets/CarAI/SimplePoly City - Low Poly Assets/Models/Props_Traffic Signal_small.fbx
  artifactKey: Guid(fbe896a67df88784abb1f38733468a13) Importer(815301076,1909f56bfc062723c751e8b465ee728b)
Start importing Assets/CarAI/SimplePoly City - Low Poly Assets/Models/Props_Traffic Signal_small.fbx using Guid(fbe896a67df88784abb1f38733468a13) Importer(815301076,1909f56bfc062723c751e8b465ee728b)  -> (artifact id: 'e7c1fcefa7556063ad91fb4de666c210') in 0.023751 seconds 
========================================================================
Received Import Request.
  Time since last request: 0.000034 seconds.
  path: Assets/Traffic System/Materials/Traffic_Light_Light_Red.mat
  artifactKey: Guid(c4d6c3ca6b663ff4288a6d1bdf492ddd) Importer(815301076,1909f56bfc062723c751e8b465ee728b)
Start importing Assets/Traffic System/Materials/Traffic_Light_Light_Red.mat using Guid(c4d6c3ca6b663ff4288a6d1bdf492ddd) Importer(815301076,1909f56bfc062723c751e8b465ee728b)  -> (artifact id: '5c136f7830c63d03d9c1b65ddae37736') in 0.012682 seconds 
========================================================================
Received Import Request.
  Time since last request: 0.000025 seconds.
  path: Assets/Traffic System/Materials/Traffic_Light_Glow_Green.mat
  artifactKey: Guid(547508de9cd84a841a428eaf564183f7) Importer(815301076,1909f56bfc062723c751e8b465ee728b)
Start importing Assets/Traffic System/Materials/Traffic_Light_Glow_Green.mat using Guid(547508de9cd84a841a428eaf564183f7) Importer(815301076,1909f56bfc062723c751e8b465ee728b)  -> (artifact id: '03e89471396a8755755093715f40dabf') in 0.011185 seconds 
========================================================================
Received Import Request.
  Time since last request: 0.000026 seconds.
  path: Assets/Traffic System/Materials/Traffic System Secondary Node Left.mat
  artifactKey: Guid(accd2f71b5988674f97b673a41dea475) Importer(815301076,1909f56bfc062723c751e8b465ee728b)
Start importing Assets/Traffic System/Materials/Traffic System Secondary Node Left.mat using Guid(accd2f71b5988674f97b673a41dea475) Importer(815301076,1909f56bfc062723c751e8b465ee728b)  -> (artifact id: '8febbc8718574096a1174a432325e5cc') in 0.011752 seconds 
========================================================================
Received Import Request.
  Time since last request: 0.000024 seconds.
  path: Assets/Traffic System/Materials/Traffic System Vehicle Base Forward.mat
  artifactKey: Guid(750264a9d85732346b68378f02ed51c1) Importer(815301076,1909f56bfc062723c751e8b465ee728b)
Start importing Assets/Traffic System/Materials/Traffic System Vehicle Base Forward.mat using Guid(750264a9d85732346b68378f02ed51c1) Importer(815301076,1909f56bfc062723c751e8b465ee728b)  -> (artifact id: '22a85b20bbf76d1ac3d4721dd76a8a6d') in 0.011614 seconds 
========================================================================
Received Import Request.
  Time since last request: 0.000024 seconds.
  path: Assets/Traffic System/Models/Traffic Lights/Version 2/traffic lights.FBX
  artifactKey: Guid(5a33ba1cdb21b1e42a6979ced65d1cc0) Importer(815301076,1909f56bfc062723c751e8b465ee728b)
Start importing Assets/Traffic System/Models/Traffic Lights/Version 2/traffic lights.FBX using Guid(5a33ba1cdb21b1e42a6979ced65d1cc0) Importer(815301076,1909f56bfc062723c751e8b465ee728b)  -> (artifact id: '465e0240a001f59fdc9dff09fa8e9411') in 0.020619 seconds 
========================================================================
Received Import Request.
  Time since last request: 0.000026 seconds.
  path: Assets/Traffic System/Materials/Traffic System Secondary Node Right.mat
  artifactKey: Guid(956cf5bfd2a7e06459f77f6fd3452f65) Importer(815301076,1909f56bfc062723c751e8b465ee728b)
Start importing Assets/Traffic System/Materials/Traffic System Secondary Node Right.mat using Guid(956cf5bfd2a7e06459f77f6fd3452f65) Importer(815301076,1909f56bfc062723c751e8b465ee728b)  -> (artifact id: 'dc0f8842cf846fc2c0038e2edcb94896') in 0.010956 seconds 
========================================================================
Received Import Request.
  Time since last request: 0.000030 seconds.
  path: Assets/Traffic System/Models/Traffic Lights/Original/traffic_light_body.png
  artifactKey: Guid(6ae732d2c8903d049b174bace6859930) Importer(815301076,1909f56bfc062723c751e8b465ee728b)
Start importing Assets/Traffic System/Models/Traffic Lights/Original/traffic_light_body.png using Guid(6ae732d2c8903d049b174bace6859930) Importer(815301076,1909f56bfc062723c751e8b465ee728b)  -> (artifact id: '31a46c1b72092acd9dddf8d8475fa12b') in 0.009722 seconds 
========================================================================
Received Import Request.
  Time since last request: 0.000019 seconds.
  path: Assets/Traffic System/Materials/Traffic System Primary Node Left.mat
  artifactKey: Guid(6bc093d37eff14b4abb937a640ba841a) Importer(815301076,1909f56bfc062723c751e8b465ee728b)
Start importing Assets/Traffic System/Materials/Traffic System Primary Node Left.mat using Guid(6bc093d37eff14b4abb937a640ba841a) Importer(815301076,1909f56bfc062723c751e8b465ee728b)  -> (artifact id: '00b759e24df56bc7d1308467f10cf992') in 0.009651 seconds 
========================================================================
Received Import Request.
  Time since last request: 0.000022 seconds.
  path: Assets/Traffic System/Materials/Traffic_Light_Light_Green.mat
  artifactKey: Guid(2733af415860ab2489003e1dfc882b37) Importer(815301076,1909f56bfc062723c751e8b465ee728b)
Start importing Assets/Traffic System/Materials/Traffic_Light_Light_Green.mat using Guid(2733af415860ab2489003e1dfc882b37) Importer(815301076,1909f56bfc062723c751e8b465ee728b)  -> (artifact id: '6a48f53ae32ef1a363a2583445d38dba') in 0.010415 seconds 
========================================================================
Received Import Request.
  Time since last request: 0.000023 seconds.
  path: Assets/Traffic System/Materials/Traffic_Light_Glow_Yellow.mat
  artifactKey: Guid(dc57023ae1d271e4fb8d63083a9bf660) Importer(815301076,1909f56bfc062723c751e8b465ee728b)
Start importing Assets/Traffic System/Materials/Traffic_Light_Glow_Yellow.mat using Guid(dc57023ae1d271e4fb8d63083a9bf660) Importer(815301076,1909f56bfc062723c751e8b465ee728b)  -> (artifact id: '9d452885fdfe65552dd34713f598126e') in 0.011687 seconds 
========================================================================
Received Import Request.
  Time since last request: 0.000026 seconds.
  path: Assets/CarAI/SimplePoly City - Low Poly Assets/Models/Props_Traffic Sign_stop.fbx
  artifactKey: Guid(ffcc7ab27000f2a4dbcc4ff9f0526b4d) Importer(815301076,1909f56bfc062723c751e8b465ee728b)
Start importing Assets/CarAI/SimplePoly City - Low Poly Assets/Models/Props_Traffic Sign_stop.fbx using Guid(ffcc7ab27000f2a4dbcc4ff9f0526b4d) Importer(815301076,1909f56bfc062723c751e8b465ee728b)  -> (artifact id: '2f0a01ec3e31ce421ba3063abfbf652e') in 0.016692 seconds 
========================================================================
Received Import Request.
  Time since last request: 0.000025 seconds.
  path: Assets/Traffic System/Materials/Traffic_Light_Glow_Green_Arrow.mat
  artifactKey: Guid(012eb5f458a10e3449f107290f1717ae) Importer(815301076,1909f56bfc062723c751e8b465ee728b)
Start importing Assets/Traffic System/Materials/Traffic_Light_Glow_Green_Arrow.mat using Guid(012eb5f458a10e3449f107290f1717ae) Importer(815301076,1909f56bfc062723c751e8b465ee728b)  -> (artifact id: 'a4c9321b2314008763e16c560e4bb00a') in 0.011472 seconds 
========================================================================
Received Import Request.
  Time since last request: 0.000023 seconds.
  path: Assets/Traffic System/Materials/Traffic_Light_Glow_Red.mat
  artifactKey: Guid(038b33cff7b1171438bba7f361fc1838) Importer(815301076,1909f56bfc062723c751e8b465ee728b)
Start importing Assets/Traffic System/Materials/Traffic_Light_Glow_Red.mat using Guid(038b33cff7b1171438bba7f361fc1838) Importer(815301076,1909f56bfc062723c751e8b465ee728b)  -> (artifact id: '3c8e315d3328b9c9f220fc02d82edb1b') in 0.011307 seconds 
========================================================================
Received Import Request.
  Time since last request: 0.000027 seconds.
  path: Assets/Traffic System/Prefabs/Road Pieces/6 Lanes - Straight - ( Road V2 ).prefab
  artifactKey: Guid(73f9316b00b8a5f4cbdacad4550ad156) Importer(815301076,1909f56bfc062723c751e8b465ee728b)
Start importing Assets/Traffic System/Prefabs/Road Pieces/6 Lanes - Straight - ( Road V2 ).prefab using Guid(73f9316b00b8a5f4cbdacad4550ad156) Importer(815301076,1909f56bfc062723c751e8b465ee728b)  -> (artifact id: 'f4a758f0710165ef46f8259fb7d3ef30') in 0.023263 seconds 
========================================================================
Received Import Request.
  Time since last request: 0.000022 seconds.
  path: Assets/UI Images/Extra Clean UI/Extra Clean UI/ArrowRightRed.png
  artifactKey: Guid(a50f6f2e08b2c654289fe2676a4caace) Importer(815301076,1909f56bfc062723c751e8b465ee728b)
Start importing Assets/UI Images/Extra Clean UI/Extra Clean UI/ArrowRightRed.png using Guid(a50f6f2e08b2c654289fe2676a4caace) Importer(815301076,1909f56bfc062723c751e8b465ee728b)  -> (artifact id: 'bbf853acd741d308d39393237eaa46ca') in 0.029186 seconds 
========================================================================
Received Import Request.
  Time since last request: 0.000023 seconds.
  path: Assets/Traffic System/Models/Road Pieces/Mobile Verions/2 to 4 line entrance_mobile.FBX
  artifactKey: Guid(6a1efaf1a90b3c24bba4630f4d2729cd) Importer(815301076,1909f56bfc062723c751e8b465ee728b)
Start importing Assets/Traffic System/Models/Road Pieces/Mobile Verions/2 to 4 line entrance_mobile.FBX using Guid(6a1efaf1a90b3c24bba4630f4d2729cd) Importer(815301076,1909f56bfc062723c751e8b465ee728b)  -> (artifact id: '107d4c500fd75baeae6e9e1e7d04967e') in 0.021243 seconds 
========================================================================
Received Import Request.
  Time since last request: 0.000034 seconds.
  path: Assets/SteamVR/InteractionSystem/Samples/Models/Materials/Furniture_AlbedoTransparency.png
  artifactKey: Guid(f209c99394eca224b90cb94fca3e17c1) Importer(815301076,1909f56bfc062723c751e8b465ee728b)
Start importing Assets/SteamVR/InteractionSystem/Samples/Models/Materials/Furniture_AlbedoTransparency.png using Guid(f209c99394eca224b90cb94fca3e17c1) Importer(815301076,1909f56bfc062723c751e8b465ee728b)  -> (artifact id: '189d400c8c6192fa7783e5008ea723b3') in 0.022850 seconds 
========================================================================
Received Import Request.
  Time since last request: 0.000028 seconds.
  path: Assets/Traffic System/Prefabs/Road Pieces/1 Lane - Pink Straight.prefab
  artifactKey: Guid(7c1b6c0655ae9ee47899f979e6cdb112) Importer(815301076,1909f56bfc062723c751e8b465ee728b)
Start importing Assets/Traffic System/Prefabs/Road Pieces/1 Lane - Pink Straight.prefab using Guid(7c1b6c0655ae9ee47899f979e6cdb112) Importer(815301076,1909f56bfc062723c751e8b465ee728b)  -> (artifact id: 'ca6df5be8aca7e97971431b441257ad8') in 0.014824 seconds 
========================================================================
Received Import Request.
  Time since last request: 0.000029 seconds.
  path: Assets/Traffic System/Prefabs/Road Pieces/2 Lanes - Intersection + Traffic Lights (Connected) - ( Road V2 ).prefab
  artifactKey: Guid(71c5971468d3e48458614afa28bbbad4) Importer(815301076,1909f56bfc062723c751e8b465ee728b)
Start importing Assets/Traffic System/Prefabs/Road Pieces/2 Lanes - Intersection + Traffic Lights (Connected) - ( Road V2 ).prefab using Guid(71c5971468d3e48458614afa28bbbad4) Importer(815301076,1909f56bfc062723c751e8b465ee728b)  -> (artifact id: '2b9a92d930b4b938108f4d6ec73418f6') in 0.043791 seconds 
========================================================================
Received Import Request.
  Time since last request: 0.000031 seconds.
  path: Assets/Traffic System/Prefabs/Road Pieces/2 Lanes - Straight Ramp.prefab
  artifactKey: Guid(cdd31cf4ebc4f2d4286b365d66c6f936) Importer(815301076,1909f56bfc062723c751e8b465ee728b)
Start importing Assets/Traffic System/Prefabs/Road Pieces/2 Lanes - Straight Ramp.prefab using Guid(cdd31cf4ebc4f2d4286b365d66c6f936) Importer(815301076,1909f56bfc062723c751e8b465ee728b)  -> (artifact id: '7605fff1c5dfd760f1713ca4a987ca56') in 0.016675 seconds 
========================================================================
Received Import Request.
  Time since last request: 0.000021 seconds.
  path: Assets/Traffic System/Prefabs/Road Pieces/4 Lanes - T Intersection + Traffic Lights (Connected) - ( Road V2 ).prefab
  artifactKey: Guid(33b0821f7f90a0948bae41a94df3614f) Importer(815301076,1909f56bfc062723c751e8b465ee728b)
Start importing Assets/Traffic System/Prefabs/Road Pieces/4 Lanes - T Intersection + Traffic Lights (Connected) - ( Road V2 ).prefab using Guid(33b0821f7f90a0948bae41a94df3614f) Importer(815301076,1909f56bfc062723c751e8b465ee728b)  -> (artifact id: '6de26f5ba1d20053f28a5543417d3cea') in 0.049084 seconds 
========================================================================
Received Import Request.
  Time since last request: 0.000027 seconds.
  path: Assets/Traffic System/Models/Traffic Lights/Original/traffic_light_1.FBX
  artifactKey: Guid(17583599715d6ef4b9ba2b3ce3811b00) Importer(815301076,1909f56bfc062723c751e8b465ee728b)
Start importing Assets/Traffic System/Models/Traffic Lights/Original/traffic_light_1.FBX using Guid(17583599715d6ef4b9ba2b3ce3811b00) Importer(815301076,1909f56bfc062723c751e8b465ee728b)  -> (artifact id: '0d314138c28528cbf50e86d654067235') in 0.017931 seconds 
========================================================================
Received Import Request.
  Time since last request: 0.000032 seconds.
  path: Assets/Traffic System/Prefabs/Road Pieces/2 Lanes - Intersection + Traffic Lights (Not Connected).prefab
  artifactKey: Guid(437f0eb9ca71a964abef1b110075e1d3) Importer(815301076,1909f56bfc062723c751e8b465ee728b)
Start importing Assets/Traffic System/Prefabs/Road Pieces/2 Lanes - Intersection + Traffic Lights (Not Connected).prefab using Guid(437f0eb9ca71a964abef1b110075e1d3) Importer(815301076,1909f56bfc062723c751e8b465ee728b)  -> (artifact id: '752d9b38b6d6d61892e495b71bed6680') in 0.020313 seconds 
========================================================================
Received Import Request.
  Time since last request: 0.000035 seconds.
  path: Assets/CarAI/SimplePoly City - Low Poly Assets/Models/Props_Traffic Signal_big.fbx
  artifactKey: Guid(773c211b627e8c648b96743ec461a88f) Importer(815301076,1909f56bfc062723c751e8b465ee728b)
Start importing Assets/CarAI/SimplePoly City - Low Poly Assets/Models/Props_Traffic Signal_big.fbx using Guid(773c211b627e8c648b96743ec461a88f) Importer(815301076,1909f56bfc062723c751e8b465ee728b)  -> (artifact id: '0431266dcdc771915c127405ccb35e91') in 0.019820 seconds 
========================================================================
Received Import Request.
  Time since last request: 0.000032 seconds.
  path: Assets/Traffic System/Models/Road Pieces/HD Verions/Textures/diffuse_2to3(entrance).jpg
  artifactKey: Guid(ff34b7e402d765e43828f1e47a164d56) Importer(815301076,1909f56bfc062723c751e8b465ee728b)
Start importing Assets/Traffic System/Models/Road Pieces/HD Verions/Textures/diffuse_2to3(entrance).jpg using Guid(ff34b7e402d765e43828f1e47a164d56) Importer(815301076,1909f56bfc062723c751e8b465ee728b)  -> (artifact id: '661f76c51801cde192e6dbd5a9d96200') in 0.013745 seconds 
========================================================================
Received Import Request.
  Time since last request: 0.000030 seconds.
  path: Assets/CarAI/SimplePoly City - Low Poly Assets/Prefab/Props/Props_Traffic Signal_small.prefab
  artifactKey: Guid(2857b989c828950448ead142ca28e4a3) Importer(815301076,1909f56bfc062723c751e8b465ee728b)
Start importing Assets/CarAI/SimplePoly City - Low Poly Assets/Prefab/Props/Props_Traffic Signal_small.prefab using Guid(2857b989c828950448ead142ca28e4a3) Importer(815301076,1909f56bfc062723c751e8b465ee728b)  -> (artifact id: '80100d5205b9367bd07a86db8d7cc775') in 0.010028 seconds 
========================================================================
Received Import Request.
  Time since last request: 0.000022 seconds.
  path: Assets/CarAI/SimplePoly City - Low Poly Assets/Materials/Props_TrafficProps.mat
  artifactKey: Guid(0ea03c6aa98d5224cb797d69c8ef34ca) Importer(815301076,1909f56bfc062723c751e8b465ee728b)
Start importing Assets/CarAI/SimplePoly City - Low Poly Assets/Materials/Props_TrafficProps.mat using Guid(0ea03c6aa98d5224cb797d69c8ef34ca) Importer(815301076,1909f56bfc062723c751e8b465ee728b)  -> (artifact id: 'b275c349db83f2f6c24f84e840a4a2a5') in 0.010370 seconds 
========================================================================
Received Import Request.
  Time since last request: 0.000024 seconds.
  path: Assets/CarAI/SimplePoly City - Low Poly Assets/Prefab/Props/Props_Traffic Control Barrier Fence.prefab
  artifactKey: Guid(484404636ac422042a24ac95512dc2d3) Importer(815301076,1909f56bfc062723c751e8b465ee728b)
Start importing Assets/CarAI/SimplePoly City - Low Poly Assets/Prefab/Props/Props_Traffic Control Barrier Fence.prefab using Guid(484404636ac422042a24ac95512dc2d3) Importer(815301076,1909f56bfc062723c751e8b465ee728b)  -> (artifact id: 'eb3a5e7f47b69472eb4080b7f0b4910b') in 0.012135 seconds 
========================================================================
Received Import Request.
  Time since last request: 0.000030 seconds.
  path: Assets/Traffic System/Materials/Traffic System Primary Node Right.mat
  artifactKey: Guid(21a5c8c2872b4df4288991d012426ca0) Importer(815301076,1909f56bfc062723c751e8b465ee728b)
Start importing Assets/Traffic System/Materials/Traffic System Primary Node Right.mat using Guid(21a5c8c2872b4df4288991d012426ca0) Importer(815301076,1909f56bfc062723c751e8b465ee728b)  -> (artifact id: 'ab79824d713e0adb6c4b9bd79847a34c') in 0.008857 seconds 
========================================================================
Received Import Request.
  Time since last request: 0.000025 seconds.
  path: Assets/Traffic System/Prefabs/Road Pieces/4 Lanes - Straight - ( Road V2 ).prefab
  artifactKey: Guid(b589292c2a5cfd24696fc4f09a5f3790) Importer(815301076,1909f56bfc062723c751e8b465ee728b)
Start importing Assets/Traffic System/Prefabs/Road Pieces/4 Lanes - Straight - ( Road V2 ).prefab using Guid(b589292c2a5cfd24696fc4f09a5f3790) Importer(815301076,1909f56bfc062723c751e8b465ee728b)  -> (artifact id: '5777a5c6a804c82c8a5d9547a1b145f8') in 0.016484 seconds 
========================================================================
Received Import Request.
  Time since last request: 9.350266 seconds.
  path: Assets/Traffic System/Prefabs/Traffic Lights/TrafficSystemIntersection-DUAL.prefab
  artifactKey: Guid(621f3ca97031a9140ba57bbf028f831e) Importer(815301076,1909f56bfc062723c751e8b465ee728b)
Start importing Assets/Traffic System/Prefabs/Traffic Lights/TrafficSystemIntersection-DUAL.prefab using Guid(621f3ca97031a9140ba57bbf028f831e) Importer(815301076,1909f56bfc062723c751e8b465ee728b)  -> (artifact id: 'ed12a206a6ce410dfb9e3e76b1cbbfaf') in 0.017528 seconds 
========================================================================
Received Import Request.
  Time since last request: 0.000032 seconds.
  path: Assets/Traffic System/Prefabs/Traffic Lights/TrafficSystemTrafficLight1.prefab
  artifactKey: Guid(2c3db434d38ee3a479dcf06288b2eb26) Importer(815301076,1909f56bfc062723c751e8b465ee728b)
Start importing Assets/Traffic System/Prefabs/Traffic Lights/TrafficSystemTrafficLight1.prefab using Guid(2c3db434d38ee3a479dcf06288b2eb26) Importer(815301076,1909f56bfc062723c751e8b465ee728b)  -> (artifact id: '47906bd501af44e1e15f8f88348c613a') in 0.034088 seconds 
========================================================================
Received Import Request.
  Time since last request: 0.000032 seconds.
  path: Assets/Traffic System/Prefabs/Vehicles/Tools/TrafficSystemVehicleSpawner.prefab
  artifactKey: Guid(bb77d1ae8779a554ea12af93c02d3f44) Importer(815301076,1909f56bfc062723c751e8b465ee728b)
Start importing Assets/Traffic System/Prefabs/Vehicles/Tools/TrafficSystemVehicleSpawner.prefab using Guid(bb77d1ae8779a554ea12af93c02d3f44) Importer(815301076,1909f56bfc062723c751e8b465ee728b)  -> (artifact id: 'f03e616750bf1fa337dc6390375cac4a') in 0.031910 seconds 
========================================================================
Received Import Request.
  Time since last request: 0.000025 seconds.
  path: Assets/Traffic System/Prefabs/Traffic Lights/TrafficSystemTrafficLight1 ( V2 ).prefab
  artifactKey: Guid(a136e60e5cab8bc429899e03d17435f5) Importer(815301076,1909f56bfc062723c751e8b465ee728b)
Start importing Assets/Traffic System/Prefabs/Traffic Lights/TrafficSystemTrafficLight1 ( V2 ).prefab using Guid(a136e60e5cab8bc429899e03d17435f5) Importer(815301076,1909f56bfc062723c751e8b465ee728b)  -> (artifact id: 'a80d60275521fa7e98a29756f0f37e18') in 0.017364 seconds 
Editor requested this worker to shutdown with reason: Scaling down because of idle timeout
AssetImportWorker is now disconnected from the server
Process exiting
Exiting without the bug reporter. Application will terminate with return code 0