Using pre-set license
Built from '2021.3/staging' branch; Version is '2021.3.11f1 (0a5ca18544bf) revision 679073'; Using compiler version '192829333'; Build Type 'Release'
OS: 'Windows 10  (10.0.19045) 64bit CoreSingleLanguage' Language: 'ru' Physical Memory: 16280 MB
BatchMode: 1, IsHumanControllingUs: 0, StartBugReporterOnCrash: 0, Is64bit: 1, IsPro: 1

COMMAND LINE ARGUMENTS:
C:\Program Files\Unity\Hub\Editor\2021.3.11f1\Editor\Unity.exe
-adb2
-batchMode
-noUpm
-name
AssetImportWorker2
-projectPath
C:/Users/Admin/Documents/GitHub/VRTown/VR
-logFile
Logs/AssetImportWorker2.log
-srvPort
60005
Successfully changed project path to: C:/Users/Admin/Documents/GitHub/VRTown/VR
C:/Users/Admin/Documents/GitHub/VRTown/VR
[UnityMemory] Configuration Parameters - Can be set up in boot.config
    "memorysetup-bucket-allocator-granularity=16"
    "memorysetup-bucket-allocator-bucket-count=8"
    "memorysetup-bucket-allocator-block-size=33554432"
    "memorysetup-bucket-allocator-block-count=8"
    "memorysetup-main-allocator-block-size=16777216"
    "memorysetup-thread-allocator-block-size=16777216"
    "memorysetup-gfx-main-allocator-block-size=16777216"
    "memorysetup-gfx-thread-allocator-block-size=16777216"
    "memorysetup-cache-allocator-block-size=4194304"
    "memorysetup-typetree-allocator-block-size=2097152"
    "memorysetup-profiler-bucket-allocator-granularity=16"
    "memorysetup-profiler-bucket-allocator-bucket-count=8"
    "memorysetup-profiler-bucket-allocator-block-size=33554432"
    "memorysetup-profiler-bucket-allocator-block-count=8"
    "memorysetup-profiler-allocator-block-size=16777216"
    "memorysetup-profiler-editor-allocator-block-size=1048576"
    "memorysetup-temp-allocator-size-main=16777216"
    "memorysetup-job-temp-allocator-block-size=2097152"
    "memorysetup-job-temp-allocator-block-size-background=1048576"
    "memorysetup-job-temp-allocator-reduction-small-platforms=262144"
    "memorysetup-temp-allocator-size-background-worker=32768"
    "memorysetup-temp-allocator-size-job-worker=262144"
    "memorysetup-temp-allocator-size-preload-manager=33554432"
    "memorysetup-temp-allocator-size-nav-mesh-worker=65536"
    "memorysetup-temp-allocator-size-audio-worker=65536"
    "memorysetup-temp-allocator-size-cloud-worker=32768"
    "memorysetup-temp-allocator-size-gi-baking-worker=262144"
    "memorysetup-temp-allocator-size-gfx=262144"
Refreshing native plugins compatible for Editor in 200.73 ms, found 16 plugins.
Preloading 1 native plugins for Editor in 1.83 ms.
Initialize engine version: 2021.3.11f1 (0a5ca18544bf)
[Subsystems] Discovering subsystems at path C:/Program Files/Unity/Hub/Editor/2021.3.11f1/Editor/Data/Resources/UnitySubsystems
[Subsystems] Discovering subsystems at path C:/Users/Admin/Documents/GitHub/VRTown/VR/Assets
GfxDevice: creating device client; threaded=0; jobified=0
Direct3D:
    Version:  Direct3D 11.0 [level 11.1]
    Renderer: NVIDIA GeForce GTX 1660 Ti (ID=0x2182)
    Vendor:   NVIDIA
    VRAM:     5979 MB
    Driver:   31.0.15.3623
Initialize mono
Mono path[0] = 'C:/Program Files/Unity/Hub/Editor/2021.3.11f1/Editor/Data/Managed'
Mono path[1] = 'C:/Program Files/Unity/Hub/Editor/2021.3.11f1/Editor/Data/MonoBleedingEdge/lib/mono/unityjit-win32'
Mono config path = 'C:/Program Files/Unity/Hub/Editor/2021.3.11f1/Editor/Data/MonoBleedingEdge/etc'
Using monoOptions --debugger-agent=transport=dt_socket,embedding=1,server=y,suspend=n,address=127.0.0.1:56164
Begin MonoManager ReloadAssembly
Registering precompiled unity dll's ...
Register platform support module: C:/Program Files/Unity/Hub/Editor/2021.3.11f1/Editor/Data/PlaybackEngines/WindowsStandaloneSupport/UnityEditor.WindowsStandalone.Extensions.dll
Registered in 0.007411 seconds.
Native extension for WindowsStandalone target not found
Refreshing native plugins compatible for Editor in 155.58 ms, found 16 plugins.
Preloading 1 native plugins for Editor in 0.10 ms.
Mono: successfully reloaded assembly
- Completed reload, in  0.919 seconds
Domain Reload Profiling:
	ReloadAssembly (919ms)
		BeginReloadAssembly (105ms)
			ExecutionOrderSort (0ms)
			DisableScriptedObjects (0ms)
			BackupInstance (0ms)
			ReleaseScriptingObjects (0ms)
			CreateAndSetChildDomain (1ms)
		EndReloadAssembly (654ms)
			LoadAssemblies (102ms)
			RebuildTransferFunctionScriptingTraits (0ms)
			SetupTypeCache (164ms)
			ReleaseScriptCaches (0ms)
			RebuildScriptCaches (28ms)
			SetupLoadedEditorAssemblies (403ms)
				LogAssemblyErrors (0ms)
				InitializePlatformSupportModulesInManaged (7ms)
				SetLoadedEditorAssemblies (0ms)
				RefreshPlugins (156ms)
				BeforeProcessingInitializeOnLoad (1ms)
				ProcessInitializeOnLoadAttributes (174ms)
				ProcessInitializeOnLoadMethodAttributes (64ms)
				AfterProcessingInitializeOnLoad (0ms)
				EditorAssembliesLoaded (0ms)
			ExecutionOrderSort2 (0ms)
			AwakeInstancesAfterBackupRestoration (0ms)
Platform modules already initialized, skipping
Registering precompiled user dll's ...
Registered in 0.013109 seconds.
Begin MonoManager ReloadAssembly
Native extension for WindowsStandalone target not found
Refreshing native plugins compatible for Editor in 161.20 ms, found 16 plugins.
Preloading 1 native plugins for Editor in 0.15 ms.
Package Manager log level set to [2]
System.Reflection.TargetInvocationException: Exception has been thrown by the target of an invocation. ---> System.NullReferenceException: Object reference not set to an instance of an object
  at Unity.XR.Oculus.OculusLoader.AssetPathToAbsolutePath (System.String assetPath) [0x0003d] in C:\Users\Admin\Documents\GitHub\VRTown\VR\Library\PackageCache\com.unity.xr.oculus@3.0.2\Runtime\OculusLoader.cs:271 
  at Unity.XR.Oculus.OculusLoader.EditorLoadOVRPlugin () [0x0007b] in C:\Users\Admin\Documents\GitHub\VRTown\VR\Library\PackageCache\com.unity.xr.oculus@3.0.2\Runtime\OculusLoader.cs:256 
  at (wrapper managed-to-native) System.Reflection.RuntimeMethodInfo.InternalInvoke(System.Reflection.RuntimeMethodInfo,object,object[],System.Exception&)
  at System.Reflection.RuntimeMethodInfo.Invoke (System.Object obj, System.Reflection.BindingFlags invokeAttr, System.Reflection.Binder binder, System.Object[] parameters, System.Globalization.CultureInfo culture) [0x0006a] in <9aad1b3a47484d63ba2b3985692d80e9>:0 
   --- End of inner exception stack trace ---
  at System.Reflection.RuntimeMethodInfo.Invoke (System.Object obj, System.Reflection.BindingFlags invokeAttr, System.Reflection.Binder binder, System.Object[] parameters, System.Globalization.CultureInfo culture) [0x00083] in <9aad1b3a47484d63ba2b3985692d80e9>:0 
  at System.Reflection.MethodBase.Invoke (System.Object obj, System.Object[] parameters) [0x00000] in <9aad1b3a47484d63ba2b3985692d80e9>:0 
  at UnityEditor.EditorAssemblies.ProcessInitializeOnLoadMethodAttributes () [0x000a5] in <4e64905d831f4883a53259ef37fb023b>:0 
UnityEngine.StackTraceUtility:ExtractStackTrace ()
UnityEngine.DebugLogHandler:LogFormat (UnityEngine.LogType,UnityEngine.Object,string,object[])
UnityEngine.Logger:Log (UnityEngine.LogType,object)
UnityEngine.Debug:LogError (object)
UnityEditor.EditorAssemblies:ProcessInitializeOnLoadMethodAttributes ()

Mono: successfully reloaded assembly
- Completed reload, in  1.845 seconds
Domain Reload Profiling:
	ReloadAssembly (1846ms)
		BeginReloadAssembly (148ms)
			ExecutionOrderSort (0ms)
			DisableScriptedObjects (7ms)
			BackupInstance (0ms)
			ReleaseScriptingObjects (0ms)
			CreateAndSetChildDomain (30ms)
		EndReloadAssembly (1545ms)
			LoadAssemblies (125ms)
			RebuildTransferFunctionScriptingTraits (0ms)
			SetupTypeCache (449ms)
			ReleaseScriptCaches (1ms)
			RebuildScriptCaches (99ms)
			SetupLoadedEditorAssemblies (812ms)
				LogAssemblyErrors (0ms)
				InitializePlatformSupportModulesInManaged (6ms)
				SetLoadedEditorAssemblies (0ms)
				RefreshPlugins (161ms)
				BeforeProcessingInitializeOnLoad (147ms)
				ProcessInitializeOnLoadAttributes (457ms)
				ProcessInitializeOnLoadMethodAttributes (33ms)
				AfterProcessingInitializeOnLoad (7ms)
				EditorAssembliesLoaded (0ms)
			ExecutionOrderSort2 (0ms)
			AwakeInstancesAfterBackupRestoration (5ms)
Platform modules already initialized, skipping
========================================================================
Worker process is ready to serve import requests
Launched and connected shader compiler UnityShaderCompiler.exe after 0.08 seconds
Refreshing native plugins compatible for Editor in 2.89 ms, found 16 plugins.
Preloading 1 native plugins for Editor in 0.13 ms.
Unloading 5121 Unused Serialized files (Serialized files now loaded: 0)
Unloading 81 unused Assets / (1.3 MB). Loaded Objects now: 5572.
Memory consumption went from 216.6 MB to 215.3 MB.
Total: 6.136000 ms (FindLiveObjects: 0.690700 ms CreateObjectMapping: 0.663100 ms MarkObjects: 4.199800 ms  DeleteObjects: 0.581100 ms)

AssetImportParameters requested are different than current active one (requested -> active):
  custom:video-decoder-ogg-theora: a1e56fd34408186e4bbccfd4996cb3dc -> 
  custom:container-muxer-webm: aa71ff27fc2769a1b78a27578f13a17b -> 
  custom:container-demuxer-webm: 4f35f7cbe854078d1ac9338744f61a02 -> 
  custom:video-encoder-webm-vp8: eb34c28f22e8b96e1ab97ce403110664 -> 
  custom:audio-encoder-webm-vorbis: bf7c407c2cedff20999df2af8eb42d56 -> 
  custom:framework-win-MediaFoundation: 216162199b28c13a410421893ffa2e32 -> 
  custom:container-demuxer-ogg: 62fdf1f143b41e24485cea50d1cbac27 -> 
  custom:video-decoder-webm-vp8: 9c59270c3fd7afecdb556c50c9e8de78 -> 
  custom:audio-decoder-ogg-vorbis: bf7c407c2cedff20999df2af8eb42d56 -> 
========================================================================
Received Import Request.
  Time since last request: 27249.773304 seconds.
  path: Packages/com.unity.recorder/Editor/Assets/d_popout_icon.png
  artifactKey: Guid(bc923b5a585620e4db67e78dfa654ee0) Importer(815301076,1909f56bfc062723c751e8b465ee728b)
Start importing Packages/com.unity.recorder/Editor/Assets/d_popout_icon.png using Guid(bc923b5a585620e4db67e78dfa654ee0) Importer(815301076,1909f56bfc062723c751e8b465ee728b)  -> (artifact id: '839533033c93f92ead0027e1261bafba') in 0.275541 seconds 
========================================================================
Received Import Request.
  Time since last request: 0.000029 seconds.
  path: Assets/UI Images/Extra Clean UI/Extra Clean UI/Hole.png
  artifactKey: Guid(7d552cf1cea94334e96b094ff64aca11) Importer(815301076,1909f56bfc062723c751e8b465ee728b)
Start importing Assets/UI Images/Extra Clean UI/Extra Clean UI/Hole.png using Guid(7d552cf1cea94334e96b094ff64aca11) Importer(815301076,1909f56bfc062723c751e8b465ee728b)  -> (artifact id: '85eb723c30fc3abd1f75921962cb5401') in 1.336703 seconds 
========================================================================
Received Import Request.
  Time since last request: 0.000032 seconds.
  path: Assets/SteamVR/InteractionSystem/Hints/Textures/HintBackground.png
  artifactKey: Guid(5697c26ee2ef0c848996640f6a3d3432) Importer(815301076,1909f56bfc062723c751e8b465ee728b)
Start importing Assets/SteamVR/InteractionSystem/Hints/Textures/HintBackground.png using Guid(5697c26ee2ef0c848996640f6a3d3432) Importer(815301076,1909f56bfc062723c751e8b465ee728b)  -> (artifact id: '2f3d1ac0fa68d6edf2f05a6a8761a981') in 0.595002 seconds 
========================================================================
Received Import Request.
  Time since last request: 0.000036 seconds.
  path: Assets/UI Images/UI_Different_Free_Wenrexa1/PNG/Btn_V01.png
  artifactKey: Guid(74e44a9df03f1374ebf75ddbfbc448f8) Importer(815301076,1909f56bfc062723c751e8b465ee728b)
Start importing Assets/UI Images/UI_Different_Free_Wenrexa1/PNG/Btn_V01.png using Guid(74e44a9df03f1374ebf75ddbfbc448f8) Importer(815301076,1909f56bfc062723c751e8b465ee728b)  -> (artifact id: '8247342033e62a842ddfa6c0e45d147e') in 0.942502 seconds 
========================================================================
Received Import Request.
  Time since last request: 0.000043 seconds.
  path: Assets/UI Images/UI_Different_Free_Wenrexa1/PNG/Checked_02.png
  artifactKey: Guid(7c7578728d1366841ae9cfddb25b2dbf) Importer(815301076,1909f56bfc062723c751e8b465ee728b)
Start importing Assets/UI Images/UI_Different_Free_Wenrexa1/PNG/Checked_02.png using Guid(7c7578728d1366841ae9cfddb25b2dbf) Importer(815301076,1909f56bfc062723c751e8b465ee728b)  -> (artifact id: '290179adadc78fc3e09dd5ef6852e023') in 0.467075 seconds 
========================================================================
Received Import Request.
  Time since last request: 0.000041 seconds.
  path: Packages/com.unity.recorder/Editor/Assets/d_imagesequence_16.png
  artifactKey: Guid(c90fbca1bb37c1d47868781f9a7557dd) Importer(815301076,1909f56bfc062723c751e8b465ee728b)
Start importing Packages/com.unity.recorder/Editor/Assets/d_imagesequence_16.png using Guid(c90fbca1bb37c1d47868781f9a7557dd) Importer(815301076,1909f56bfc062723c751e8b465ee728b)  -> (artifact id: '270866c198035afc08318afeb9be4bc9') in 1.580222 seconds 
========================================================================
Received Import Request.
  Time since last request: 0.000058 seconds.
  path: Assets/UI Images/HyperCasual Game UI/blueRectTapped.png
  artifactKey: Guid(6f2849cd63991264eaf7614b1cfedfe9) Importer(815301076,1909f56bfc062723c751e8b465ee728b)
Start importing Assets/UI Images/HyperCasual Game UI/blueRectTapped.png using Guid(6f2849cd63991264eaf7614b1cfedfe9) Importer(815301076,1909f56bfc062723c751e8b465ee728b)  -> (artifact id: '78b024986e2965aa11c09ffaa07418d2') in 1.213221 seconds 
========================================================================
Received Import Request.
  Time since last request: 0.000038 seconds.
  path: Assets/UI Images/Extra Clean UI/Extra Clean UI/GreenTable2.png
  artifactKey: Guid(7d32d8ca85d323b42874054f489aac61) Importer(815301076,1909f56bfc062723c751e8b465ee728b)
Start importing Assets/UI Images/Extra Clean UI/Extra Clean UI/GreenTable2.png using Guid(7d32d8ca85d323b42874054f489aac61) Importer(815301076,1909f56bfc062723c751e8b465ee728b)  -> (artifact id: '228b660a8ebd798ae871641f74e6f756') in 0.231498 seconds 
========================================================================
Received Import Request.
  Time since last request: 0.000041 seconds.
  path: Assets/UI Images/HyperCasual Game UI/blueBtnNormal.png
  artifactKey: Guid(4fe17ae9033bd3b469511878a7b333b5) Importer(815301076,1909f56bfc062723c751e8b465ee728b)
Start importing Assets/UI Images/HyperCasual Game UI/blueBtnNormal.png using Guid(4fe17ae9033bd3b469511878a7b333b5) Importer(815301076,1909f56bfc062723c751e8b465ee728b)  -> (artifact id: '8ad22cbd18a42186deaf6c134b68cea3') in 0.094813 seconds 
========================================================================
Received Import Request.
  Time since last request: 0.000026 seconds.
  path: Assets/UI Images/UI_Different_Free_Wenrexa1/PNG/ButtonPanel.png
  artifactKey: Guid(b911e3a7983af42469ae15c5d1104991) Importer(815301076,1909f56bfc062723c751e8b465ee728b)
Start importing Assets/UI Images/UI_Different_Free_Wenrexa1/PNG/ButtonPanel.png using Guid(b911e3a7983af42469ae15c5d1104991) Importer(815301076,1909f56bfc062723c751e8b465ee728b)  -> (artifact id: '96c1dd86abe4b954f79a62f387efbe6f') in 0.085154 seconds 
========================================================================
Received Import Request.
  Time since last request: 0.000043 seconds.
  path: Assets/UI Images/Extra Clean UI/Extra Clean UI/BluePressed.png
  artifactKey: Guid(5b74b7d179b211c45ac562b79979fb17) Importer(815301076,1909f56bfc062723c751e8b465ee728b)
Start importing Assets/UI Images/Extra Clean UI/Extra Clean UI/BluePressed.png using Guid(5b74b7d179b211c45ac562b79979fb17) Importer(815301076,1909f56bfc062723c751e8b465ee728b)  -> (artifact id: 'b28c8e07f300919d111e799deebd4d57') in 0.038466 seconds 
========================================================================
Received Import Request.
  Time since last request: 0.000046 seconds.
  path: Assets/UI Images/HyperCasual Game UI/closeBtn.png
  artifactKey: Guid(e29015f2a99115241a639f07289cbef5) Importer(815301076,1909f56bfc062723c751e8b465ee728b)
Start importing Assets/UI Images/HyperCasual Game UI/closeBtn.png using Guid(e29015f2a99115241a639f07289cbef5) Importer(815301076,1909f56bfc062723c751e8b465ee728b)  -> (artifact id: 'eedb725a9731290dbe48ae82d0967d62') in 0.035280 seconds 
========================================================================
Received Import Request.
  Time since last request: 0.000048 seconds.
  path: Assets/UI Images/Extra Clean UI/Extra Clean UI/GreenPressed.png
  artifactKey: Guid(9903b431f9375be48be916495e262cce) Importer(815301076,1909f56bfc062723c751e8b465ee728b)
Start importing Assets/UI Images/Extra Clean UI/Extra Clean UI/GreenPressed.png using Guid(9903b431f9375be48be916495e262cce) Importer(815301076,1909f56bfc062723c751e8b465ee728b)  -> (artifact id: '25e4f1eefe6611757a302bb613c33d9b') in 0.030144 seconds 
========================================================================
Received Import Request.
  Time since last request: 0.000036 seconds.
  path: Assets/UI Images/Extra Clean UI/Extra Clean UI/GreenWave2.png
  artifactKey: Guid(ca012bc612dbdb44486a48038d44bfbb) Importer(815301076,1909f56bfc062723c751e8b465ee728b)
Start importing Assets/UI Images/Extra Clean UI/Extra Clean UI/GreenWave2.png using Guid(ca012bc612dbdb44486a48038d44bfbb) Importer(815301076,1909f56bfc062723c751e8b465ee728b)  -> (artifact id: '6656411245ef4124de32bbe49dd268c0') in 0.071282 seconds 
========================================================================
Received Import Request.
  Time since last request: 0.000037 seconds.
  path: Assets/UI Images/HyperCasual Game UI/greyRectTapped.png
  artifactKey: Guid(9eade406e52d9a445bea65a478373433) Importer(815301076,1909f56bfc062723c751e8b465ee728b)
Start importing Assets/UI Images/HyperCasual Game UI/greyRectTapped.png using Guid(9eade406e52d9a445bea65a478373433) Importer(815301076,1909f56bfc062723c751e8b465ee728b)  -> (artifact id: 'f058c3efab4f83f6446b34b9d03adb1f') in 0.027568 seconds 
========================================================================
Received Import Request.
  Time since last request: 0.000030 seconds.
  path: Assets/UI Images/Extra Clean UI/Extra Clean UI/GreenWave.png
  artifactKey: Guid(c22af03d8a01dcd4881243567f60e213) Importer(815301076,1909f56bfc062723c751e8b465ee728b)
Start importing Assets/UI Images/Extra Clean UI/Extra Clean UI/GreenWave.png using Guid(c22af03d8a01dcd4881243567f60e213) Importer(815301076,1909f56bfc062723c751e8b465ee728b)  -> (artifact id: 'd9ae4cbb6786464967afc1f7013522eb') in 0.041306 seconds 
Editor requested this worker to shutdown with reason: Scaling down because of idle timeout
AssetImportWorker is now disconnected from the server
Process exiting
Exiting without the bug reporter. Application will terminate with return code 0